{"/home/workhub/work/workerhive-graph/packages/graph-server/lib/index.ts": {"path":"/home/workhub/work/workerhive-graph/packages/graph-server/lib/index.ts","statementMap":{"0":{"start":{"line":2,"column":0},"end":{"line":2,"column":43}},"1":{"start":{"line":3,"column":0},"end":{"line":3,"column":73}},"2":{"start":{"line":4,"column":0},"end":{"line":4,"column":49}},"3":{"start":{"line":5,"column":0},"end":{"line":5,"column":36}},"4":{"start":{"line":15,"column":4},"end":{"line":5,"column":83}},"5":{"start":{"line":8,"column":0},"end":{"line":8,"column":7}},"6":{"start":{"line":16,"column":4},"end":{"line":8,"column":56}},"7":{"start":{"line":9,"column":0},"end":{"line":9,"column":31}},"8":{"start":{"line":10,"column":0},"end":{"line":10,"column":63}},"9":{"start":{"line":11,"column":0},"end":{"line":11,"column":46}},"10":{"start":{"line":19,"column":0},"end":{"line":19,"column":null}},"11":{"start":{"line":19,"column":39},"end":{"line":19,"column":48}},"12":{"start":{"line":39,"column":16},"end":{"line":39,"column":38}},"13":{"start":{"line":39,"column":38},"end":{"line":39,"column":null}},"14":{"start":{"line":40,"column":8},"end":{"line":40,"column":null}},"15":{"start":{"line":23,"column":12},"end":{"line":23,"column":39}},"16":{"start":{"line":35,"column":12},"end":{"line":35,"column":52}},"17":{"start":{"line":41,"column":8},"end":{"line":41,"column":null}},"18":{"start":{"line":43,"column":8},"end":{"line":43,"column":null}},"19":{"start":{"line":49,"column":8},"end":{"line":49,"column":75}},"20":{"start":{"line":51,"column":8},"end":{"line":51,"column":null}},"21":{"start":{"line":53,"column":8},"end":{"line":53,"column":57}},"22":{"start":{"line":55,"column":8},"end":{"line":55,"column":null}},"23":{"start":{"line":56,"column":8},"end":{"line":56,"column":null}},"24":{"start":{"line":57,"column":8},"end":{"line":57,"column":null}},"25":{"start":{"line":58,"column":8},"end":{"line":58,"column":null}},"26":{"start":{"line":66,"column":4},"end":{"line":85,"column":null}},"27":{"start":{"line":66,"column":4},"end":{"line":66,"column":13}},"28":{"start":{"line":67,"column":27},"end":{"line":67,"column":49}},"29":{"start":{"line":69,"column":25},"end":{"line":69,"column":49}},"30":{"start":{"line":71,"column":8},"end":{"line":73,"column":null}},"31":{"start":{"line":72,"column":12},"end":{"line":72,"column":null}},"32":{"start":{"line":75,"column":8},"end":{"line":77,"column":null}},"33":{"start":{"line":76,"column":12},"end":{"line":76,"column":null}},"34":{"start":{"line":79,"column":9},"end":{"line":79,"column":null}},"35":{"start":{"line":79,"column":28},"end":{"line":79,"column":null}},"36":{"start":{"line":81,"column":8},"end":{"line":81,"column":39}},"37":{"start":{"line":82,"column":21},"end":{"line":82,"column":47}},"38":{"start":{"line":84,"column":8},"end":{"line":84,"column":22}},"39":{"start":{"line":87,"column":4},"end":{"line":90,"column":null}},"40":{"start":{"line":88,"column":8},"end":{"line":88,"column":39}},"41":{"start":{"line":89,"column":8},"end":{"line":89,"column":null}},"42":{"start":{"line":92,"column":10},"end":{"line":103,"column":null}},"43":{"start":{"line":93,"column":22},"end":{"line":100,"column":null}},"44":{"start":{"line":93,"column":12},"end":{"line":100,"column":null}},"45":{"start":{"line":102,"column":8},"end":{"line":102,"column":null}},"46":{"start":{"line":106,"column":4},"end":{"line":109,"column":null}},"47":{"start":{"line":107,"column":8},"end":{"line":107,"column":null}},"48":{"start":{"line":108,"column":8},"end":{"line":108,"column":null}},"49":{"start":{"line":111,"column":4},"end":{"line":114,"column":null}},"50":{"start":{"line":112,"column":8},"end":{"line":112,"column":null}},"51":{"start":{"line":113,"column":8},"end":{"line":113,"column":null}},"52":{"start":{"line":116,"column":4},"end":{"line":118,"column":null}},"53":{"start":{"line":117,"column":8},"end":{"line":117,"column":37}},"54":{"start":{"line":120,"column":4},"end":{"line":122,"column":null}},"55":{"start":{"line":121,"column":8},"end":{"line":121,"column":null}},"56":{"start":{"line":125,"column":0},"end":{"line":125,"column":null}}},"fnMap":{"0":{"name":"(anonymous_20)","decl":{"start":{"line":15,"column":4},"end":{"line":15,"column":13}},"loc":{"start":{"line":15,"column":4},"end":{"line":5,"column":83}}},"1":{"name":"(anonymous_21)","decl":{"start":{"line":19,"column":0},"end":{"line":19,"column":39}},"loc":{"start":{"line":19,"column":0},"end":{"line":125,"column":null}}},"2":{"name":"HiveGraph","decl":{"start":{"line":39,"column":4},"end":{"line":39,"column":16}},"loc":{"start":{"line":39,"column":57},"end":{"line":64,"column":5}}},"3":{"name":"(anonymous_23)","decl":{"start":{"line":66,"column":4},"end":{"line":66,"column":13}},"loc":{"start":{"line":66,"column":4},"end":{"line":85,"column":5}}},"4":{"name":"(anonymous_24)","decl":{"start":{"line":71,"column":27},"end":{"line":71,"column":36}},"loc":{"start":{"line":71,"column":36},"end":{"line":73,"column":9}}},"5":{"name":"(anonymous_25)","decl":{"start":{"line":75,"column":36},"end":{"line":75,"column":51}},"loc":{"start":{"line":75,"column":51},"end":{"line":77,"column":9}}},"6":{"name":"(anonymous_26)","decl":{"start":{"line":87,"column":4},"end":{"line":87,"column":16}},"loc":{"start":{"line":87,"column":27},"end":{"line":90,"column":5}}},"7":{"name":"(anonymous_27)","decl":{"start":{"line":92,"column":4},"end":{"line":92,"column":10}},"loc":{"start":{"line":92,"column":100},"end":{"line":103,"column":null}}},"8":{"name":"(anonymous_30)","decl":{"start":{"line":106,"column":4},"end":{"line":106,"column":11}},"loc":{"start":{"line":106,"column":36},"end":{"line":109,"column":5}}},"9":{"name":"(anonymous_31)","decl":{"start":{"line":111,"column":4},"end":{"line":111,"column":14}},"loc":{"start":{"line":111,"column":28},"end":{"line":114,"column":5}}},"10":{"name":"(anonymous_32)","decl":{"start":{"line":116,"column":4},"end":{"line":116,"column":8}},"loc":{"start":{"line":116,"column":4},"end":{"line":118,"column":5}}},"11":{"name":"(anonymous_33)","decl":{"start":{"line":120,"column":4},"end":{"line":120,"column":16}},"loc":{"start":{"line":120,"column":35},"end":{"line":122,"column":5}}}},"branchMap":{"0":{"loc":{"start":{"line":39,"column":16},"end":{"line":39,"column":38}},"type":"if","locations":[{"start":{"line":39,"column":16},"end":{"line":39,"column":38}},{"start":{"line":39,"column":16},"end":{"line":39,"column":38}}]},"1":{"loc":{"start":{"line":39,"column":38},"end":{"line":39,"column":null}},"type":"if","locations":[{"start":{"line":39,"column":38},"end":{"line":39,"column":null}},{"start":{"line":39,"column":38},"end":{"line":39,"column":null}}]},"2":{"loc":{"start":{"line":40,"column":8},"end":{"line":40,"column":15}},"type":"binary-expr","locations":[{"start":{"line":40,"column":8},"end":{"line":40,"column":15}},{"start":{"line":40,"column":15},"end":{"line":40,"column":null}}]},"3":{"loc":{"start":{"line":79,"column":9},"end":{"line":79,"column":null}},"type":"if","locations":[{"start":{"line":79,"column":9},"end":{"line":79,"column":null}},{"start":{"line":79,"column":9},"end":{"line":79,"column":null}}]},"4":{"loc":{"start":{"line":93,"column":22},"end":{"line":100,"column":null}},"type":"switch","locations":[{"start":{"line":93,"column":22},"end":{"line":100,"column":null}}]},"5":{"loc":{"start":{"line":98,"column":46},"end":{"line":98,"column":58}},"type":"binary-expr","locations":[{"start":{"line":98,"column":46},"end":{"line":98,"column":58}},{"start":{"line":98,"column":62},"end":{"line":98,"column":64}}]}},"s":{"0":1,"1":1,"2":1,"3":1,"4":1,"5":1,"6":1,"7":1,"8":1,"9":1,"10":1,"11":1,"12":1,"13":1,"14":1,"15":1,"16":1,"17":1,"18":1,"19":1,"20":1,"21":1,"22":1,"23":1,"24":1,"25":1,"26":1,"27":1,"28":1,"29":1,"30":1,"31":7,"32":1,"33":4,"34":1,"35":1,"36":1,"37":1,"38":1,"39":1,"40":0,"41":0,"42":1,"43":2,"44":2,"45":2,"46":1,"47":0,"48":0,"49":1,"50":0,"51":0,"52":1,"53":0,"54":1,"55":0,"56":1},"f":{"0":0,"1":1,"2":1,"3":1,"4":7,"5":4,"6":0,"7":2,"8":0,"9":0,"10":0,"11":0},"b":{"0":[0,1],"1":[0,1],"2":[1,0],"3":[1,0],"4":[2],"5":[2,0]}}
,"/home/workhub/work/workerhive-graph/packages/graph-server/lib/initialTypes.ts": {"path":"/home/workhub/work/workerhive-graph/packages/graph-server/lib/initialTypes.ts","statementMap":{"0":{"start":{"line":1,"column":28},"end":{"line":1,"column":null}},"1":{"start":{"line":1,"column":54},"end":{"line":15,"column":null}},"2":{"start":{"line":1,"column":13},"end":{"line":1,"column":28}}},"fnMap":{"0":{"name":"(anonymous_0)","decl":{"start":{"line":1,"column":28},"end":{"line":1,"column":29}},"loc":{"start":{"line":1,"column":49},"end":{"line":1,"column":null}}}},"branchMap":{},"s":{"0":1,"1":1,"2":1},"f":{"0":1},"b":{}}
,"/home/workhub/work/workerhive-graph/packages/graph-server/lib/directives/configurable.ts": {"path":"/home/workhub/work/workerhive-graph/packages/graph-server/lib/directives/configurable.ts","statementMap":{"0":{"start":{"line":1,"column":0},"end":{"line":1,"column":78}},"1":{"start":{"line":5,"column":13},"end":{"line":9,"column":null}},"2":{"start":{"line":11,"column":25},"end":{"line":14,"column":1}},"3":{"start":{"line":13,"column":2},"end":{"line":13,"column":18}},"4":{"start":{"line":11,"column":13},"end":{"line":11,"column":25}}},"fnMap":{"0":{"name":"(anonymous_0)","decl":{"start":{"line":11,"column":25},"end":{"line":11,"column":26}},"loc":{"start":{"line":11,"column":83},"end":{"line":14,"column":1}}}},"branchMap":{},"s":{"0":1,"1":1,"2":1,"3":1,"4":1},"f":{"0":1},"b":{}}
,"/home/workhub/work/workerhive-graph/packages/graph-server/lib/directives/crud.ts": {"path":"/home/workhub/work/workerhive-graph/packages/graph-server/lib/directives/crud.ts","statementMap":{"0":{"start":{"line":1,"column":0},"end":{"line":1,"column":93}},"1":{"start":{"line":2,"column":0},"end":{"line":2,"column":77}},"2":{"start":{"line":3,"column":0},"end":{"line":3,"column":84}},"3":{"start":{"line":6,"column":0},"end":{"line":6,"column":63}},"4":{"start":{"line":8,"column":13},"end":{"line":8,"column":null}},"5":{"start":{"line":10,"column":13},"end":{"line":14,"column":null}},"6":{"start":{"line":16,"column":0},"end":{"line":16,"column":16}},"7":{"start":{"line":17,"column":4},"end":{"line":17,"column":35}},"8":{"start":{"line":19,"column":16},"end":{"line":19,"column":62}},"9":{"start":{"line":21,"column":29},"end":{"line":54,"column":5}},"10":{"start":{"line":22,"column":20},"end":{"line":22,"column":52}},"11":{"start":{"line":23,"column":21},"end":{"line":23,"column":127}},"12":{"start":{"line":23,"column":50},"end":{"line":23,"column":127}},"13":{"start":{"line":23,"column":83},"end":{"line":23,"column":115}},"14":{"start":{"line":25,"column":8},"end":{"line":53,"column":null}},"15":{"start":{"line":26,"column":12},"end":{"line":51,"column":null}},"16":{"start":{"line":32,"column":78},"end":{"line":49,"column":null}},"17":{"start":{"line":33,"column":28},"end":{"line":33,"column":88}},"18":{"start":{"line":34,"column":28},"end":{"line":34,"column":119}},"19":{"start":{"line":36,"column":28},"end":{"line":36,"column":45}},"20":{"start":{"line":38,"column":24},"end":{"line":45,"column":null}},"21":{"start":{"line":39,"column":32},"end":{"line":39,"column":null}},"22":{"start":{"line":40,"column":28},"end":{"line":42,"column":null}},"23":{"start":{"line":41,"column":32},"end":{"line":41,"column":null}},"24":{"start":{"line":44,"column":28},"end":{"line":44,"column":41}},"25":{"start":{"line":48,"column":31},"end":{"line":48,"column":43}},"26":{"start":{"line":48,"column":24},"end":{"line":48,"column":null}},"27":{"start":{"line":56,"column":26},"end":{"line":58,"column":5}},"28":{"start":{"line":57,"column":8},"end":{"line":57,"column":null}},"29":{"start":{"line":60,"column":4},"end":{"line":161,"column":null}},"30":{"start":{"line":62,"column":20},"end":{"line":64,"column":14}},"31":{"start":{"line":66,"column":25},"end":{"line":66,"column":42}},"32":{"start":{"line":67,"column":28},"end":{"line":67,"column":48}},"33":{"start":{"line":68,"column":28},"end":{"line":68,"column":48}},"34":{"start":{"line":70,"column":27},"end":{"line":70,"column":46}},"35":{"start":{"line":71,"column":33},"end":{"line":71,"column":50}},"36":{"start":{"line":73,"column":12},"end":{"line":73,"column":null}},"37":{"start":{"line":75,"column":12},"end":{"line":120,"column":null}},"38":{"start":{"line":81,"column":88},"end":{"line":88,"column":23}},"39":{"start":{"line":82,"column":24},"end":{"line":82,"column":null}},"40":{"start":{"line":83,"column":27},"end":{"line":83,"column":40}},"41":{"start":{"line":84,"column":35},"end":{"line":84,"column":null}},"42":{"start":{"line":84,"column":28},"end":{"line":84,"column":null}},"43":{"start":{"line":86,"column":28},"end":{"line":86,"column":null}},"44":{"start":{"line":96,"column":88},"end":{"line":104,"column":23}},"45":{"start":{"line":97,"column":24},"end":{"line":97,"column":null}},"46":{"start":{"line":99,"column":27},"end":{"line":99,"column":40}},"47":{"start":{"line":100,"column":35},"end":{"line":100,"column":null}},"48":{"start":{"line":100,"column":28},"end":{"line":100,"column":null}},"49":{"start":{"line":102,"column":28},"end":{"line":102,"column":null}},"50":{"start":{"line":111,"column":47},"end":{"line":111,"column":48}},"51":{"start":{"line":113,"column":27},"end":{"line":113,"column":40}},"52":{"start":{"line":114,"column":35},"end":{"line":114,"column":null}},"53":{"start":{"line":114,"column":28},"end":{"line":114,"column":null}},"54":{"start":{"line":116,"column":28},"end":{"line":116,"column":null}},"55":{"start":{"line":122,"column":12},"end":{"line":159,"column":null}},"56":{"start":{"line":128,"column":72},"end":{"line":134,"column":null}},"57":{"start":{"line":129,"column":27},"end":{"line":129,"column":40}},"58":{"start":{"line":130,"column":35},"end":{"line":130,"column":null}},"59":{"start":{"line":130,"column":28},"end":{"line":130,"column":null}},"60":{"start":{"line":132,"column":28},"end":{"line":132,"column":null}},"61":{"start":{"line":141,"column":72},"end":{"line":157,"column":null}},"62":{"start":{"line":143,"column":27},"end":{"line":143,"column":40}},"63":{"start":{"line":144,"column":41},"end":{"line":144,"column":null}},"64":{"start":{"line":144,"column":32},"end":{"line":144,"column":null}},"65":{"start":{"line":145,"column":28},"end":{"line":145,"column":42}},"66":{"start":{"line":147,"column":28},"end":{"line":147,"column":null}},"67":{"start":{"line":163,"column":3},"end":{"line":163,"column":39}}},"fnMap":{"0":{"name":"transform","decl":{"start":{"line":16,"column":16},"end":{"line":16,"column":25}},"loc":{"start":{"line":16,"column":55},"end":{"line":164,"column":1}}},"1":{"name":"(anonymous_16)","decl":{"start":{"line":21,"column":29},"end":{"line":21,"column":30}},"loc":{"start":{"line":21,"column":39},"end":{"line":54,"column":5}}},"2":{"name":"(anonymous_17)","decl":{"start":{"line":23,"column":37},"end":{"line":23,"column":38}},"loc":{"start":{"line":23,"column":45},"end":{"line":23,"column":51}}},"3":{"name":"(anonymous_18)","decl":{"start":{"line":23,"column":70},"end":{"line":23,"column":71}},"loc":{"start":{"line":23,"column":78},"end":{"line":23,"column":84}}},"4":{"name":"(anonymous_19)","decl":{"start":{"line":25,"column":21},"end":{"line":25,"column":22}},"loc":{"start":{"line":25,"column":38},"end":{"line":53,"column":9}}},"5":{"name":"(anonymous_20)","decl":{"start":{"line":32,"column":29},"end":{"line":32,"column":36}},"loc":{"start":{"line":32,"column":78},"end":{"line":49,"column":null}}},"6":{"name":"(anonymous_21)","decl":{"start":{"line":32,"column":78},"end":{"line":32,"column":null}},"loc":{"start":{"line":32,"column":78},"end":{"line":49,"column":null}}},"7":{"name":"(anonymous_23)","decl":{"start":{"line":40,"column":43},"end":{"line":40,"column":44}},"loc":{"start":{"line":40,"column":44},"end":{"line":42,"column":29}}},"8":{"name":"(anonymous_24)","decl":{"start":{"line":56,"column":26},"end":{"line":56,"column":27}},"loc":{"start":{"line":56,"column":88},"end":{"line":58,"column":5}}},"9":{"name":"(anonymous_25)","decl":{"start":{"line":60,"column":14},"end":{"line":60,"column":15}},"loc":{"start":{"line":60,"column":19},"end":{"line":161,"column":5}}},"10":{"name":"(anonymous_26)","decl":{"start":{"line":81,"column":45},"end":{"line":81,"column":52}},"loc":{"start":{"line":81,"column":88},"end":{"line":88,"column":23}}},"11":{"name":"(anonymous_27)","decl":{"start":{"line":81,"column":88},"end":{"line":81,"column":null}},"loc":{"start":{"line":81,"column":88},"end":{"line":88,"column":23}}},"12":{"name":"(anonymous_29)","decl":{"start":{"line":96,"column":45},"end":{"line":96,"column":52}},"loc":{"start":{"line":96,"column":88},"end":{"line":104,"column":23}}},"13":{"name":"(anonymous_30)","decl":{"start":{"line":96,"column":88},"end":{"line":96,"column":null}},"loc":{"start":{"line":96,"column":88},"end":{"line":104,"column":23}}},"14":{"name":"(anonymous_32)","decl":{"start":{"line":111,"column":29},"end":{"line":111,"column":36}},"loc":{"start":{"line":111,"column":72},"end":{"line":118,"column":null}}},"15":{"name":"(anonymous_35)","decl":{"start":{"line":128,"column":29},"end":{"line":128,"column":36}},"loc":{"start":{"line":128,"column":72},"end":{"line":134,"column":null}}},"16":{"name":"(anonymous_36)","decl":{"start":{"line":128,"column":72},"end":{"line":128,"column":null}},"loc":{"start":{"line":128,"column":72},"end":{"line":134,"column":null}}},"17":{"name":"(anonymous_38)","decl":{"start":{"line":141,"column":29},"end":{"line":141,"column":36}},"loc":{"start":{"line":141,"column":72},"end":{"line":157,"column":null}}},"18":{"name":"(anonymous_39)","decl":{"start":{"line":141,"column":72},"end":{"line":141,"column":null}},"loc":{"start":{"line":141,"column":72},"end":{"line":157,"column":null}}}},"branchMap":{"0":{"loc":{"start":{"line":23,"column":83},"end":{"line":23,"column":100}},"type":"binary-expr","locations":[{"start":{"line":23,"column":83},"end":{"line":23,"column":100}},{"start":{"line":23,"column":104},"end":{"line":23,"column":114}}]},"1":{"loc":{"start":{"line":48,"column":24},"end":{"line":48,"column":null}},"type":"switch","locations":[{"start":{"line":48,"column":24},"end":{"line":48,"column":null}}]},"2":{"loc":{"start":{"line":34,"column":41},"end":{"line":34,"column":89}},"type":"cond-expr","locations":[{"start":{"line":34,"column":41},"end":{"line":34,"column":89}},{"start":{"line":34,"column":92},"end":{"line":34,"column":118}}]},"3":{"loc":{"start":{"line":38,"column":24},"end":{"line":45,"column":null}},"type":"if","locations":[{"start":{"line":38,"column":24},"end":{"line":45,"column":null}},{"start":{"line":38,"column":24},"end":{"line":45,"column":null}}]},"4":{"loc":{"start":{"line":41,"column":49},"end":{"line":41,"column":82}},"type":"cond-expr","locations":[{"start":{"line":41,"column":49},"end":{"line":41,"column":82}},{"start":{"line":41,"column":85},"end":{"line":41,"column":111}}]},"5":{"loc":{"start":{"line":48,"column":45},"end":{"line":48,"column":107}},"type":"cond-expr","locations":[{"start":{"line":48,"column":45},"end":{"line":48,"column":107}},{"start":{"line":48,"column":110},"end":{"line":48,"column":169}}]},"6":{"loc":{"start":{"line":48,"column":63},"end":{"line":48,"column":102}},"type":"cond-expr","locations":[{"start":{"line":48,"column":63},"end":{"line":48,"column":102}},{"start":{"line":48,"column":105},"end":{"line":48,"column":107}}]},"7":{"loc":{"start":{"line":48,"column":80},"end":{"line":48,"column":82}},"type":"cond-expr","locations":[{"start":{"line":48,"column":80},"end":{"line":48,"column":82}},{"start":{"line":48,"column":80},"end":{"line":48,"column":102}}]},"8":{"loc":{"start":{"line":48,"column":63},"end":{"line":48,"column":82}},"type":"binary-expr","locations":[{"start":{"line":48,"column":63},"end":{"line":48,"column":82}},{"start":{"line":48,"column":80},"end":{"line":48,"column":82}}]},"9":{"loc":{"start":{"line":48,"column":128},"end":{"line":48,"column":164}},"type":"cond-expr","locations":[{"start":{"line":48,"column":128},"end":{"line":48,"column":164}},{"start":{"line":48,"column":167},"end":{"line":48,"column":169}}]},"10":{"loc":{"start":{"line":48,"column":145},"end":{"line":48,"column":147}},"type":"cond-expr","locations":[{"start":{"line":48,"column":145},"end":{"line":48,"column":147}},{"start":{"line":48,"column":145},"end":{"line":48,"column":164}}]},"11":{"loc":{"start":{"line":48,"column":128},"end":{"line":48,"column":147}},"type":"binary-expr","locations":[{"start":{"line":48,"column":128},"end":{"line":48,"column":147}},{"start":{"line":48,"column":145},"end":{"line":48,"column":147}}]},"12":{"loc":{"start":{"line":84,"column":28},"end":{"line":84,"column":null}},"type":"switch","locations":[{"start":{"line":84,"column":28},"end":{"line":84,"column":null}},{"start":{"line":86,"column":28},"end":{"line":86,"column":null}}]},"13":{"loc":{"start":{"line":83,"column":27},"end":{"line":83,"column":40}},"type":"if","locations":[{"start":{"line":83,"column":27},"end":{"line":83,"column":40}},{"start":{"line":83,"column":27},"end":{"line":83,"column":40}}]},"14":{"loc":{"start":{"line":84,"column":58},"end":{"line":84,"column":60}},"type":"cond-expr","locations":[{"start":{"line":84,"column":58},"end":{"line":84,"column":60}},{"start":{"line":84,"column":58},"end":{"line":84,"column":99}}]},"15":{"loc":{"start":{"line":84,"column":41},"end":{"line":84,"column":60}},"type":"binary-expr","locations":[{"start":{"line":84,"column":41},"end":{"line":84,"column":60}},{"start":{"line":84,"column":58},"end":{"line":84,"column":60}}]},"16":{"loc":{"start":{"line":100,"column":28},"end":{"line":100,"column":null}},"type":"switch","locations":[{"start":{"line":100,"column":28},"end":{"line":100,"column":null}},{"start":{"line":102,"column":28},"end":{"line":102,"column":null}}]},"17":{"loc":{"start":{"line":99,"column":27},"end":{"line":99,"column":40}},"type":"if","locations":[{"start":{"line":99,"column":27},"end":{"line":99,"column":40}},{"start":{"line":99,"column":27},"end":{"line":99,"column":40}}]},"18":{"loc":{"start":{"line":100,"column":58},"end":{"line":100,"column":60}},"type":"cond-expr","locations":[{"start":{"line":100,"column":58},"end":{"line":100,"column":60}},{"start":{"line":100,"column":58},"end":{"line":100,"column":117}}]},"19":{"loc":{"start":{"line":100,"column":41},"end":{"line":100,"column":60}},"type":"binary-expr","locations":[{"start":{"line":100,"column":41},"end":{"line":100,"column":60}},{"start":{"line":100,"column":58},"end":{"line":100,"column":60}}]},"20":{"loc":{"start":{"line":114,"column":28},"end":{"line":114,"column":null}},"type":"switch","locations":[{"start":{"line":114,"column":28},"end":{"line":114,"column":null}},{"start":{"line":116,"column":28},"end":{"line":116,"column":null}}]},"21":{"loc":{"start":{"line":113,"column":27},"end":{"line":113,"column":40}},"type":"if","locations":[{"start":{"line":113,"column":27},"end":{"line":113,"column":40}},{"start":{"line":113,"column":27},"end":{"line":113,"column":40}}]},"22":{"loc":{"start":{"line":114,"column":58},"end":{"line":114,"column":60}},"type":"cond-expr","locations":[{"start":{"line":114,"column":58},"end":{"line":114,"column":60}},{"start":{"line":114,"column":58},"end":{"line":114,"column":83}}]},"23":{"loc":{"start":{"line":114,"column":41},"end":{"line":114,"column":60}},"type":"binary-expr","locations":[{"start":{"line":114,"column":41},"end":{"line":114,"column":60}},{"start":{"line":114,"column":58},"end":{"line":114,"column":60}}]},"24":{"loc":{"start":{"line":130,"column":28},"end":{"line":130,"column":null}},"type":"switch","locations":[{"start":{"line":130,"column":28},"end":{"line":130,"column":null}},{"start":{"line":132,"column":28},"end":{"line":132,"column":null}}]},"25":{"loc":{"start":{"line":129,"column":27},"end":{"line":129,"column":40}},"type":"if","locations":[{"start":{"line":129,"column":27},"end":{"line":129,"column":40}},{"start":{"line":129,"column":27},"end":{"line":129,"column":40}}]},"26":{"loc":{"start":{"line":130,"column":58},"end":{"line":130,"column":60}},"type":"cond-expr","locations":[{"start":{"line":130,"column":58},"end":{"line":130,"column":60}},{"start":{"line":130,"column":58},"end":{"line":130,"column":93}}]},"27":{"loc":{"start":{"line":130,"column":41},"end":{"line":130,"column":60}},"type":"binary-expr","locations":[{"start":{"line":130,"column":41},"end":{"line":130,"column":60}},{"start":{"line":130,"column":58},"end":{"line":130,"column":60}}]},"28":{"loc":{"start":{"line":147,"column":28},"end":{"line":147,"column":null}},"type":"switch","locations":[{"start":{"line":147,"column":28},"end":{"line":147,"column":null}}]},"29":{"loc":{"start":{"line":143,"column":27},"end":{"line":143,"column":40}},"type":"if","locations":[{"start":{"line":143,"column":27},"end":{"line":143,"column":40}},{"start":{"line":143,"column":27},"end":{"line":143,"column":40}}]},"30":{"loc":{"start":{"line":144,"column":64},"end":{"line":144,"column":66}},"type":"cond-expr","locations":[{"start":{"line":144,"column":64},"end":{"line":144,"column":66}},{"start":{"line":144,"column":64},"end":{"line":144,"column":84}}]},"31":{"loc":{"start":{"line":144,"column":47},"end":{"line":144,"column":66}},"type":"binary-expr","locations":[{"start":{"line":144,"column":47},"end":{"line":144,"column":66}},{"start":{"line":144,"column":64},"end":{"line":144,"column":66}}]}},"s":{"0":1,"1":1,"2":1,"3":1,"4":1,"5":1,"6":2,"7":1,"8":1,"9":1,"10":3,"11":3,"12":8,"13":6,"14":3,"15":0,"16":0,"17":0,"18":0,"19":0,"20":0,"21":0,"22":0,"23":0,"24":0,"25":0,"26":0,"27":1,"28":0,"29":1,"30":3,"31":3,"32":3,"33":3,"34":3,"35":3,"36":3,"37":3,"38":0,"39":0,"40":0,"41":0,"42":0,"43":0,"44":0,"45":0,"46":0,"47":0,"48":0,"49":0,"50":0,"51":0,"52":0,"53":0,"54":0,"55":3,"56":0,"57":0,"58":0,"59":0,"60":0,"61":0,"62":0,"63":0,"64":0,"65":0,"66":0,"67":1},"f":{"0":1,"1":3,"2":8,"3":6,"4":0,"5":0,"6":0,"7":0,"8":0,"9":3,"10":0,"11":0,"12":0,"13":0,"14":0,"15":0,"16":0,"17":0,"18":0},"b":{"0":[6,4],"1":[0],"2":[0,0],"3":[0,0],"4":[0,0],"5":[0,0],"6":[0,0],"7":[0,0],"8":[0,0],"9":[0,0],"10":[0,0],"11":[0,0],"12":[0,0],"13":[0,0],"14":[0,0],"15":[0,0],"16":[0,0],"17":[0,0],"18":[0,0],"19":[0,0],"20":[0,0],"21":[0,0],"22":[0,0],"23":[0,0],"24":[0,0],"25":[0,0],"26":[0,0],"27":[0,0],"28":[0],"29":[0,0],"30":[0,0],"31":[0,0]}}
,"/home/workhub/work/workerhive-graph/packages/graph-server/lib/directives/generate.ts": {"path":"/home/workhub/work/workerhive-graph/packages/graph-server/lib/directives/generate.ts","statementMap":{"0":{"start":{"line":1,"column":0},"end":{"line":1,"column":78}},"1":{"start":{"line":2,"column":0},"end":{"line":2,"column":43}},"2":{"start":{"line":4,"column":13},"end":{"line":10,"column":null}},"3":{"start":{"line":5,"column":4},"end":{"line":9,"column":null}}},"fnMap":{"0":{"name":"(anonymous_0)","decl":{"start":{"line":4,"column":41},"end":{"line":4,"column":42}},"loc":{"start":{"line":4,"column":43},"end":{"line":10,"column":1}}}},"branchMap":{},"s":{"0":1,"1":1,"2":1,"3":3},"f":{"0":3},"b":{}}
,"/home/workhub/work/workerhive-graph/packages/graph-server/lib/directives/index.ts": {"path":"/home/workhub/work/workerhive-graph/packages/graph-server/lib/directives/index.ts","statementMap":{"0":{"start":{"line":1,"column":0},"end":{"line":1,"column":83}},"1":{"start":{"line":2,"column":0},"end":{"line":2,"column":85}},"2":{"start":{"line":3,"column":0},"end":{"line":3,"column":79}},"3":{"start":{"line":4,"column":0},"end":{"line":4,"column":103}},"4":{"start":{"line":5,"column":0},"end":{"line":5,"column":62}},"5":{"start":{"line":7,"column":13},"end":{"line":12,"column":null}},"6":{"start":{"line":15,"column":13},"end":{"line":20,"column":null}}},"fnMap":{},"branchMap":{},"s":{"0":1,"1":1,"2":1,"3":1,"4":1,"5":1,"6":1},"f":{},"b":{}}
,"/home/workhub/work/workerhive-graph/packages/graph-server/lib/directives/input.ts": {"path":"/home/workhub/work/workerhive-graph/packages/graph-server/lib/directives/input.ts","statementMap":{"0":{"start":{"line":1,"column":0},"end":{"line":1,"column":93}},"1":{"start":{"line":2,"column":0},"end":{"line":2,"column":65}},"2":{"start":{"line":4,"column":0},"end":{"line":4,"column":59}},"3":{"start":{"line":6,"column":0},"end":{"line":6,"column":82}},"4":{"start":{"line":8,"column":13},"end":{"line":8,"column":37}},"5":{"start":{"line":10,"column":13},"end":{"line":26,"column":null}},"6":{"start":{"line":30,"column":4},"end":{"line":30,"column":null}},"7":{"start":{"line":33,"column":18},"end":{"line":33,"column":75}},"8":{"start":{"line":35,"column":22},"end":{"line":90,"column":6}},"9":{"start":{"line":36,"column":18},"end":{"line":36,"column":55}},"10":{"start":{"line":38,"column":26},"end":{"line":38,"column":28}},"11":{"start":{"line":39,"column":30},"end":{"line":39,"column":32}},"12":{"start":{"line":41,"column":8},"end":{"line":45,"column":null}},"13":{"start":{"line":42,"column":24},"end":{"line":42,"column":62}},"14":{"start":{"line":43,"column":12},"end":{"line":43,"column":27}},"15":{"start":{"line":44,"column":12},"end":{"line":44,"column":null}},"16":{"start":{"line":49,"column":8},"end":{"line":49,"column":null}},"17":{"start":{"line":49,"column":56},"end":{"line":49,"column":168}},"18":{"start":{"line":49,"column":117},"end":{"line":49,"column":156}},"19":{"start":{"line":52,"column":8},"end":{"line":52,"column":162}},"20":{"start":{"line":52,"column":50},"end":{"line":52,"column":161}},"21":{"start":{"line":52,"column":111},"end":{"line":52,"column":149}},"22":{"start":{"line":54,"column":34},"end":{"line":54,"column":36}},"23":{"start":{"line":56,"column":8},"end":{"line":66,"column":null}},"24":{"start":{"line":57,"column":12},"end":{"line":65,"column":null}},"25":{"start":{"line":60,"column":66},"end":{"line":63,"column":27}},"26":{"start":{"line":68,"column":8},"end":{"line":81,"column":null}},"27":{"start":{"line":69,"column":31},"end":{"line":78,"column":14}},"28":{"start":{"line":70,"column":35},"end":{"line":70,"column":37}},"29":{"start":{"line":71,"column":16},"end":{"line":73,"column":null}},"30":{"start":{"line":72,"column":20},"end":{"line":72,"column":55}},"31":{"start":{"line":74,"column":16},"end":{"line":77,"column":null}},"32":{"start":{"line":79,"column":35},"end":{"line":79,"column":86}},"33":{"start":{"line":79,"column":65},"end":{"line":79,"column":83}},"34":{"start":{"line":80,"column":12},"end":{"line":80,"column":78}},"35":{"start":{"line":83,"column":8},"end":{"line":88,"column":null}},"36":{"start":{"line":94,"column":4},"end":{"line":94,"column":40}},"37":{"start":{"line":28,"column":0},"end":{"line":28,"column":16}}},"fnMap":{"0":{"name":"transform","decl":{"start":{"line":28,"column":16},"end":{"line":28,"column":25}},"loc":{"start":{"line":28,"column":83},"end":{"line":95,"column":1}}},"1":{"name":"(anonymous_3)","decl":{"start":{"line":35,"column":32},"end":{"line":35,"column":41}},"loc":{"start":{"line":35,"column":41},"end":{"line":90,"column":5}}},"2":{"name":"(anonymous_4)","decl":{"start":{"line":49,"column":45},"end":{"line":49,"column":46}},"loc":{"start":{"line":49,"column":51},"end":{"line":49,"column":59}}},"3":{"name":"(anonymous_5)","decl":{"start":{"line":49,"column":102},"end":{"line":49,"column":103}},"loc":{"start":{"line":49,"column":112},"end":{"line":49,"column":131}}},"4":{"name":"(anonymous_6)","decl":{"start":{"line":52,"column":41},"end":{"line":52,"column":46}},"loc":{"start":{"line":52,"column":46},"end":{"line":52,"column":53}}},"5":{"name":"(anonymous_7)","decl":{"start":{"line":52,"column":96},"end":{"line":52,"column":97}},"loc":{"start":{"line":52,"column":106},"end":{"line":52,"column":120}}},"6":{"name":"(anonymous_8)","decl":{"start":{"line":56,"column":32},"end":{"line":56,"column":33}},"loc":{"start":{"line":56,"column":38},"end":{"line":66,"column":9}}},"7":{"name":"(anonymous_9)","decl":{"start":{"line":60,"column":53},"end":{"line":60,"column":54}},"loc":{"start":{"line":60,"column":61},"end":{"line":60,"column":67}}},"8":{"name":"(anonymous_10)","decl":{"start":{"line":68,"column":28},"end":{"line":68,"column":29}},"loc":{"start":{"line":68,"column":29},"end":{"line":81,"column":9}}},"9":{"name":"(anonymous_11)","decl":{"start":{"line":69,"column":48},"end":{"line":69,"column":49}},"loc":{"start":{"line":69,"column":55},"end":{"line":78,"column":13}}},"10":{"name":"(anonymous_12)","decl":{"start":{"line":71,"column":44},"end":{"line":71,"column":45}},"loc":{"start":{"line":71,"column":51},"end":{"line":73,"column":17}}},"11":{"name":"(anonymous_13)","decl":{"start":{"line":79,"column":53},"end":{"line":79,"column":54}},"loc":{"start":{"line":79,"column":60},"end":{"line":79,"column":66}}}},"branchMap":{"0":{"loc":{"start":{"line":62,"column":34},"end":{"line":62,"column":40}},"type":"binary-expr","locations":[{"start":{"line":62,"column":34},"end":{"line":62,"column":40}},{"start":{"line":62,"column":44},"end":{"line":62,"column":46}}]},"1":{"loc":{"start":{"line":71,"column":17},"end":{"line":71,"column":28}},"type":"binary-expr","locations":[{"start":{"line":71,"column":17},"end":{"line":71,"column":28}},{"start":{"line":71,"column":32},"end":{"line":71,"column":34}}]}},"s":{"0":1,"1":1,"2":1,"3":1,"4":1,"5":1,"6":1,"7":1,"8":1,"9":3,"10":3,"11":3,"12":3,"13":8,"14":8,"15":8,"16":3,"17":8,"18":6,"19":3,"20":8,"21":6,"22":3,"23":3,"24":2,"25":2,"26":3,"27":4,"28":4,"29":4,"30":0,"31":4,"32":4,"33":4,"34":4,"35":3,"36":1,"37":1},"f":{"0":1,"1":3,"2":8,"3":6,"4":8,"5":6,"6":2,"7":2,"8":4,"9":4,"10":0,"11":4},"b":{"0":[2,2],"1":[4,4]}}
,"/home/workhub/work/workerhive-graph/packages/graph-server/lib/directives/upload.ts": {"path":"/home/workhub/work/workerhive-graph/packages/graph-server/lib/directives/upload.ts","statementMap":{"0":{"start":{"line":1,"column":0},"end":{"line":1,"column":78}},"1":{"start":{"line":2,"column":0},"end":{"line":2,"column":76}},"2":{"start":{"line":3,"column":0},"end":{"line":3,"column":47}},"3":{"start":{"line":5,"column":0},"end":{"line":5,"column":49}},"4":{"start":{"line":8,"column":0},"end":{"line":8,"column":66}},"5":{"start":{"line":11,"column":13},"end":{"line":11,"column":38}},"6":{"start":{"line":13,"column":13},"end":{"line":17,"column":null}},"7":{"start":{"line":19,"column":25},"end":{"line":95,"column":1}},"8":{"start":{"line":20,"column":4},"end":{"line":20,"column":35}},"9":{"start":{"line":22,"column":4},"end":{"line":22,"column":null}},"10":{"start":{"line":24,"column":16},"end":{"line":24,"column":62}},"11":{"start":{"line":26,"column":4},"end":{"line":91,"column":null}},"12":{"start":{"line":28,"column":28},"end":{"line":28,"column":45}},"13":{"start":{"line":29,"column":23},"end":{"line":29,"column":40}},"14":{"start":{"line":30,"column":26},"end":{"line":30,"column":46}},"15":{"start":{"line":33,"column":8},"end":{"line":40,"column":null}},"16":{"start":{"line":36,"column":68},"end":{"line":38,"column":null}},"17":{"start":{"line":37,"column":27},"end":{"line":37,"column":null}},"18":{"start":{"line":37,"column":20},"end":{"line":37,"column":null}},"19":{"start":{"line":42,"column":8},"end":{"line":89,"column":null}},"20":{"start":{"line":49,"column":84},"end":{"line":77,"column":19}},"21":{"start":{"line":84,"column":68},"end":{"line":87,"column":null}},"22":{"start":{"line":86,"column":27},"end":{"line":86,"column":null}},"23":{"start":{"line":86,"column":20},"end":{"line":86,"column":null}},"24":{"start":{"line":94,"column":4},"end":{"line":94,"column":null}},"25":{"start":{"line":19,"column":13},"end":{"line":19,"column":25}}},"fnMap":{"0":{"name":"(anonymous_13)","decl":{"start":{"line":19,"column":25},"end":{"line":19,"column":26}},"loc":{"start":{"line":19,"column":55},"end":{"line":95,"column":1}}},"1":{"name":"(anonymous_14)","decl":{"start":{"line":26,"column":18},"end":{"line":26,"column":19}},"loc":{"start":{"line":26,"column":23},"end":{"line":91,"column":5}}},"2":{"name":"(anonymous_15)","decl":{"start":{"line":36,"column":25},"end":{"line":36,"column":32}},"loc":{"start":{"line":36,"column":68},"end":{"line":38,"column":null}}},"3":{"name":"(anonymous_16)","decl":{"start":{"line":36,"column":68},"end":{"line":36,"column":null}},"loc":{"start":{"line":36,"column":68},"end":{"line":38,"column":null}}},"4":{"name":"(anonymous_18)","decl":{"start":{"line":49,"column":41},"end":{"line":49,"column":48}},"loc":{"start":{"line":49,"column":84},"end":{"line":77,"column":19}}},"5":{"name":"(anonymous_19)","decl":{"start":{"line":49,"column":84},"end":{"line":49,"column":null}},"loc":{"start":{"line":49,"column":84},"end":{"line":77,"column":19}}},"6":{"name":"(anonymous_21)","decl":{"start":{"line":84,"column":25},"end":{"line":84,"column":32}},"loc":{"start":{"line":84,"column":68},"end":{"line":87,"column":null}}},"7":{"name":"(anonymous_22)","decl":{"start":{"line":84,"column":68},"end":{"line":84,"column":null}},"loc":{"start":{"line":84,"column":68},"end":{"line":87,"column":null}}}},"branchMap":{"0":{"loc":{"start":{"line":37,"column":27},"end":{"line":37,"column":null}},"type":"switch","locations":[{"start":{"line":37,"column":27},"end":{"line":37,"column":null}},{"start":{"line":37,"column":20},"end":{"line":37,"column":null}}]},"1":{"loc":{"start":{"line":37,"column":50},"end":{"line":37,"column":52}},"type":"cond-expr","locations":[{"start":{"line":37,"column":50},"end":{"line":37,"column":52}},{"start":{"line":37,"column":50},"end":{"line":37,"column":70}}]},"2":{"loc":{"start":{"line":37,"column":33},"end":{"line":37,"column":52}},"type":"binary-expr","locations":[{"start":{"line":37,"column":33},"end":{"line":37,"column":52}},{"start":{"line":37,"column":50},"end":{"line":37,"column":52}}]},"3":{"loc":{"start":{"line":86,"column":27},"end":{"line":86,"column":null}},"type":"switch","locations":[{"start":{"line":86,"column":27},"end":{"line":86,"column":null}}]},"4":{"loc":{"start":{"line":86,"column":50},"end":{"line":86,"column":52}},"type":"cond-expr","locations":[{"start":{"line":86,"column":50},"end":{"line":86,"column":52}},{"start":{"line":86,"column":50},"end":{"line":86,"column":84}}]},"5":{"loc":{"start":{"line":86,"column":33},"end":{"line":86,"column":52}},"type":"binary-expr","locations":[{"start":{"line":86,"column":33},"end":{"line":86,"column":52}},{"start":{"line":86,"column":50},"end":{"line":86,"column":52}}]}},"s":{"0":1,"1":1,"2":1,"3":1,"4":1,"5":1,"6":1,"7":1,"8":1,"9":1,"10":1,"11":1,"12":0,"13":0,"14":0,"15":0,"16":0,"17":0,"18":0,"19":0,"20":0,"21":0,"22":0,"23":0,"24":1,"25":1},"f":{"0":1,"1":0,"2":0,"3":0,"4":0,"5":0,"6":0,"7":0},"b":{"0":[0,0],"1":[0,0],"2":[0,0],"3":[0],"4":[0,0],"5":[0,0]}}
,"/home/workhub/work/workerhive-graph/packages/graph-server/lib/generators/index.ts": {"path":"/home/workhub/work/workerhive-graph/packages/graph-server/lib/generators/index.ts","statementMap":{"0":{"start":{"line":8,"column":0},"end":{"line":8,"column":49}},"1":{"start":{"line":9,"column":0},"end":{"line":9,"column":30}},"2":{"start":{"line":12,"column":0},"end":{"line":12,"column":40}},"3":{"start":{"line":13,"column":0},"end":{"line":13,"column":50}},"4":{"start":{"line":14,"column":0},"end":{"line":14,"column":40}},"5":{"start":{"line":15,"column":0},"end":{"line":15,"column":45}},"6":{"start":{"line":29,"column":31},"end":{"line":62,"column":1}},"7":{"start":{"line":31,"column":4},"end":{"line":61,"column":null}},"8":{"start":{"line":31,"column":32},"end":{"line":31,"column":49}},"9":{"start":{"line":32,"column":8},"end":{"line":32,"column":null}},"10":{"start":{"line":35,"column":12},"end":{"line":35,"column":null}},"11":{"start":{"line":37,"column":12},"end":{"line":37,"column":null}},"12":{"start":{"line":39,"column":8},"end":{"line":59,"column":null}},"13":{"start":{"line":39,"column":32},"end":{"line":39,"column":65}},"14":{"start":{"line":41,"column":26},"end":{"line":41,"column":45}},"15":{"start":{"line":42,"column":25},"end":{"line":42,"column":44}},"16":{"start":{"line":44,"column":22},"end":{"line":44,"column":52}},"17":{"start":{"line":45,"column":31},"end":{"line":45,"column":46}},"18":{"start":{"line":48,"column":12},"end":{"line":57,"column":null}},"19":{"start":{"line":49,"column":33},"end":{"line":49,"column":113}},"20":{"start":{"line":49,"column":74},"end":{"line":49,"column":88}},"21":{"start":{"line":49,"column":103},"end":{"line":49,"column":113}},"22":{"start":{"line":50,"column":16},"end":{"line":56,"column":null}},"23":{"start":{"line":52,"column":20},"end":{"line":52,"column":56}},"24":{"start":{"line":52,"column":38},"end":{"line":52,"column":56}},"25":{"start":{"line":54,"column":33},"end":{"line":54,"column":75}},"26":{"start":{"line":55,"column":20},"end":{"line":55,"column":45}},"27":{"start":{"line":58,"column":12},"end":{"line":58,"column":null}},"28":{"start":{"line":60,"column":15},"end":{"line":60,"column":null}},"29":{"start":{"line":60,"column":8},"end":{"line":60,"column":null}},"30":{"start":{"line":29,"column":13},"end":{"line":29,"column":31}},"31":{"start":{"line":64,"column":29},"end":{"line":64,"column":31}},"32":{"start":{"line":85,"column":4},"end":{"line":85,"column":20}},"33":{"start":{"line":65,"column":29},"end":{"line":65,"column":31}},"34":{"start":{"line":84,"column":4},"end":{"line":84,"column":20}},"35":{"start":{"line":67,"column":13},"end":{"line":71,"column":null}},"36":{"start":{"line":73,"column":0},"end":{"line":81,"column":null}},"37":{"start":{"line":74,"column":4},"end":{"line":76,"column":null}},"38":{"start":{"line":75,"column":8},"end":{"line":75,"column":null}},"39":{"start":{"line":78,"column":4},"end":{"line":80,"column":null}},"40":{"start":{"line":79,"column":8},"end":{"line":79,"column":null}},"41":{"start":{"line":88,"column":13},"end":{"line":88,"column":null}},"42":{"start":{"line":88,"column":52},"end":{"line":88,"column":68}}},"fnMap":{"0":{"name":"(anonymous_13)","decl":{"start":{"line":29,"column":31},"end":{"line":29,"column":32}},"loc":{"start":{"line":29,"column":107},"end":{"line":62,"column":1}}},"1":{"name":"(anonymous_14)","decl":{"start":{"line":31,"column":11},"end":{"line":31,"column":18}},"loc":{"start":{"line":31,"column":97},"end":{"line":61,"column":null}}},"2":{"name":"(anonymous_17)","decl":{"start":{"line":39,"column":25},"end":{"line":39,"column":26}},"loc":{"start":{"line":39,"column":27},"end":{"line":39,"column":33}}},"3":{"name":"(anonymous_18)","decl":{"start":{"line":39,"column":74},"end":{"line":39,"column":75}},"loc":{"start":{"line":39,"column":78},"end":{"line":59,"column":9}}},"4":{"name":"(anonymous_19)","decl":{"start":{"line":49,"column":67},"end":{"line":49,"column":68}},"loc":{"start":{"line":49,"column":69},"end":{"line":49,"column":84}}},"5":{"name":"(anonymous_20)","decl":{"start":{"line":49,"column":96},"end":{"line":49,"column":97}},"loc":{"start":{"line":49,"column":98},"end":{"line":49,"column":104}}},"6":{"name":"(anonymous_21)","decl":{"start":{"line":73,"column":19},"end":{"line":73,"column":20}},"loc":{"start":{"line":73,"column":29},"end":{"line":81,"column":1}}},"7":{"name":"(anonymous_22)","decl":{"start":{"line":88,"column":45},"end":{"line":88,"column":46}},"loc":{"start":{"line":88,"column":47},"end":{"line":88,"column":53}}}},"branchMap":{"0":{"loc":{"start":{"line":31,"column":32},"end":{"line":31,"column":49}},"type":"if","locations":[{"start":{"line":31,"column":32},"end":{"line":31,"column":49}},{"start":{"line":31,"column":32},"end":{"line":31,"column":49}}]},"1":{"loc":{"start":{"line":60,"column":8},"end":{"line":60,"column":null}},"type":"switch","locations":[{"start":{"line":60,"column":8},"end":{"line":60,"column":null}}]},"2":{"loc":{"start":{"line":37,"column":30},"end":{"line":37,"column":34}},"type":"binary-expr","locations":[{"start":{"line":37,"column":30},"end":{"line":37,"column":34}},{"start":{"line":37,"column":38},"end":{"line":37,"column":40}}]},"3":{"loc":{"start":{"line":50,"column":16},"end":{"line":56,"column":null}},"type":"if","locations":[{"start":{"line":50,"column":16},"end":{"line":56,"column":null}},{"start":{"line":50,"column":16},"end":{"line":56,"column":null}}]},"4":{"loc":{"start":{"line":52,"column":20},"end":{"line":52,"column":56}},"type":"if","locations":[{"start":{"line":52,"column":20},"end":{"line":52,"column":56}},{"start":{"line":52,"column":20},"end":{"line":52,"column":56}}]},"5":{"loc":{"start":{"line":74,"column":4},"end":{"line":76,"column":null}},"type":"if","locations":[{"start":{"line":74,"column":4},"end":{"line":76,"column":null}},{"start":{"line":74,"column":4},"end":{"line":76,"column":null}}]},"6":{"loc":{"start":{"line":78,"column":4},"end":{"line":80,"column":null}},"type":"if","locations":[{"start":{"line":78,"column":4},"end":{"line":80,"column":null}},{"start":{"line":78,"column":4},"end":{"line":80,"column":null}}]}},"s":{"0":1,"1":1,"2":1,"3":1,"4":1,"5":1,"6":1,"7":6,"8":0,"9":0,"10":0,"11":0,"12":0,"13":0,"14":0,"15":0,"16":0,"17":0,"18":0,"19":0,"20":0,"21":0,"22":0,"23":0,"24":0,"25":0,"26":0,"27":0,"28":0,"29":0,"30":1,"31":1,"32":1,"33":1,"34":1,"35":1,"36":1,"37":3,"38":3,"39":3,"40":0,"41":1,"42":3},"f":{"0":6,"1":0,"2":0,"3":0,"4":0,"5":0,"6":3,"7":3},"b":{"0":[0,0],"1":[0],"2":[0,0],"3":[0,0],"4":[0,0],"5":[3,0],"6":[0,3]}}
,"/home/workhub/work/workerhive-graph/packages/graph-server/lib/generators/moniker.ts": {"path":"/home/workhub/work/workerhive-graph/packages/graph-server/lib/generators/moniker.ts","statementMap":{"0":{"start":{"line":2,"column":16},"end":{"line":2,"column":34}},"1":{"start":{"line":4,"column":13},"end":{"line":13,"column":null}},"2":{"start":{"line":8,"column":12},"end":{"line":8,"column":35}},"3":{"start":{"line":8,"column":22},"end":{"line":8,"column":35}},"4":{"start":{"line":9,"column":12},"end":{"line":9,"column":36}}},"fnMap":{"0":{"name":"(anonymous_0)","decl":{"start":{"line":7,"column":16},"end":{"line":7,"column":17}},"loc":{"start":{"line":7,"column":28},"end":{"line":10,"column":9}}}},"branchMap":{"0":{"loc":{"start":{"line":8,"column":12},"end":{"line":8,"column":35}},"type":"if","locations":[{"start":{"line":8,"column":12},"end":{"line":8,"column":35}},{"start":{"line":8,"column":12},"end":{"line":8,"column":35}}]}},"s":{"0":1,"1":1,"2":0,"3":0,"4":0},"f":{"0":0},"b":{"0":[0,0]}}
,"/home/workhub/work/workerhive-graph/packages/graph-server/lib/generators/timestamp.ts": {"path":"/home/workhub/work/workerhive-graph/packages/graph-server/lib/generators/timestamp.ts","statementMap":{"0":{"start":{"line":3,"column":13},"end":{"line":11,"column":null}},"1":{"start":{"line":7,"column":12},"end":{"line":7,"column":55}},"2":{"start":{"line":7,"column":22},"end":{"line":7,"column":55}},"3":{"start":{"line":8,"column":12},"end":{"line":8,"column":null}}},"fnMap":{"0":{"name":"(anonymous_0)","decl":{"start":{"line":6,"column":16},"end":{"line":6,"column":17}},"loc":{"start":{"line":6,"column":28},"end":{"line":9,"column":9}}}},"branchMap":{"0":{"loc":{"start":{"line":7,"column":12},"end":{"line":7,"column":55}},"type":"if","locations":[{"start":{"line":7,"column":12},"end":{"line":7,"column":55}},{"start":{"line":7,"column":12},"end":{"line":7,"column":55}}]}},"s":{"0":1,"1":0,"2":0,"3":0},"f":{"0":0},"b":{"0":[0,0]}}
,"/home/workhub/work/workerhive-graph/packages/graph-server/lib/generators/uuid.ts": {"path":"/home/workhub/work/workerhive-graph/packages/graph-server/lib/generators/uuid.ts","statementMap":{"0":{"start":{"line":1,"column":0},"end":{"line":1,"column":25}},"1":{"start":{"line":4,"column":13},"end":{"line":14,"column":null}},"2":{"start":{"line":8,"column":12},"end":{"line":8,"column":null}},"3":{"start":{"line":9,"column":12},"end":{"line":9,"column":35}},"4":{"start":{"line":9,"column":22},"end":{"line":9,"column":35}},"5":{"start":{"line":10,"column":12},"end":{"line":10,"column":null}}},"fnMap":{"0":{"name":"(anonymous_0)","decl":{"start":{"line":7,"column":16},"end":{"line":7,"column":17}},"loc":{"start":{"line":7,"column":28},"end":{"line":11,"column":9}}}},"branchMap":{"0":{"loc":{"start":{"line":9,"column":12},"end":{"line":9,"column":35}},"type":"if","locations":[{"start":{"line":9,"column":12},"end":{"line":9,"column":35}},{"start":{"line":9,"column":12},"end":{"line":9,"column":35}}]}},"s":{"0":1,"1":1,"2":0,"3":0,"4":0,"5":0},"f":{"0":0},"b":{"0":[0,0]}}
,"/home/workhub/work/workerhive-graph/packages/graph-server/lib/interfaces/GraphConnector.ts": {"path":"/home/workhub/work/workerhive-graph/packages/graph-server/lib/interfaces/GraphConnector.ts","statementMap":{"0":{"start":{"line":1,"column":0},"end":{"line":1,"column":38}},"1":{"start":{"line":3,"column":0},"end":{"line":3,"column":65}},"2":{"start":{"line":21,"column":0},"end":{"line":21,"column":null}},"3":{"start":{"line":21,"column":31},"end":{"line":21,"column":43}},"4":{"start":{"line":26,"column":8},"end":{"line":26,"column":null}},"5":{"start":{"line":29,"column":4},"end":{"line":31,"column":null}},"6":{"start":{"line":30,"column":8},"end":{"line":30,"column":null}},"7":{"start":{"line":33,"column":0},"end":{"line":33,"column":null}},"8":{"start":{"line":21,"column":13},"end":{"line":21,"column":22}},"9":{"start":{"line":36,"column":0},"end":{"line":36,"column":null}},"10":{"start":{"line":36,"column":43},"end":{"line":36,"column":55}},"11":{"start":{"line":43,"column":8},"end":{"line":43,"column":null}},"12":{"start":{"line":40,"column":14},"end":{"line":40,"column":66}},"13":{"start":{"line":46,"column":4},"end":{"line":53,"column":null}},"14":{"start":{"line":46,"column":4},"end":{"line":46,"column":13}},"15":{"start":{"line":47,"column":8},"end":{"line":47,"column":29}},"16":{"start":{"line":48,"column":8},"end":{"line":51,"column":null}},"17":{"start":{"line":49,"column":12},"end":{"line":49,"column":null}},"18":{"start":{"line":50,"column":12},"end":{"line":50,"column":45}},"19":{"start":{"line":55,"column":4},"end":{"line":57,"column":null}},"20":{"start":{"line":56,"column":8},"end":{"line":56,"column":51}},"21":{"start":{"line":58,"column":4},"end":{"line":60,"column":null}},"22":{"start":{"line":59,"column":8},"end":{"line":59,"column":51}},"23":{"start":{"line":61,"column":4},"end":{"line":63,"column":null}},"24":{"start":{"line":61,"column":26},"end":{"line":61,"column":null}},"25":{"start":{"line":62,"column":8},"end":{"line":62,"column":51}},"26":{"start":{"line":64,"column":4},"end":{"line":66,"column":null}},"27":{"start":{"line":65,"column":8},"end":{"line":65,"column":51}},"28":{"start":{"line":67,"column":4},"end":{"line":69,"column":null}},"29":{"start":{"line":68,"column":8},"end":{"line":68,"column":51}},"30":{"start":{"line":71,"column":0},"end":{"line":71,"column":null}}},"fnMap":{"0":{"name":"(anonymous_6)","decl":{"start":{"line":21,"column":0},"end":{"line":21,"column":13}},"loc":{"start":{"line":21,"column":0},"end":{"line":33,"column":null}}},"1":{"name":"BaseGraph","decl":{"start":{"line":25,"column":4},"end":{"line":25,"column":null}},"loc":{"start":{"line":25,"column":4},"end":{"line":27,"column":5}}},"2":{"name":"(anonymous_8)","decl":{"start":{"line":29,"column":4},"end":{"line":29,"column":13}},"loc":{"start":{"line":29,"column":4},"end":{"line":31,"column":5}}},"3":{"name":"(anonymous_9)","decl":{"start":{"line":36,"column":0},"end":{"line":36,"column":43}},"loc":{"start":{"line":36,"column":0},"end":{"line":71,"column":null}}},"4":{"name":"BaseConnector","decl":{"start":{"line":42,"column":4},"end":{"line":42,"column":null}},"loc":{"start":{"line":42,"column":4},"end":{"line":44,"column":5}}},"5":{"name":"(anonymous_11)","decl":{"start":{"line":46,"column":4},"end":{"line":46,"column":13}},"loc":{"start":{"line":46,"column":31},"end":{"line":53,"column":5}}},"6":{"name":"(anonymous_12)","decl":{"start":{"line":48,"column":40},"end":{"line":48,"column":41}},"loc":{"start":{"line":48,"column":47},"end":{"line":51,"column":9}}},"7":{"name":"(anonymous_13)","decl":{"start":{"line":55,"column":4},"end":{"line":55,"column":10}},"loc":{"start":{"line":55,"column":39},"end":{"line":57,"column":5}}},"8":{"name":"(anonymous_14)","decl":{"start":{"line":58,"column":4},"end":{"line":58,"column":8}},"loc":{"start":{"line":58,"column":36},"end":{"line":60,"column":5}}},"9":{"name":"(anonymous_15)","decl":{"start":{"line":61,"column":4},"end":{"line":61,"column":11}},"loc":{"start":{"line":61,"column":44},"end":{"line":63,"column":5}}},"10":{"name":"(anonymous_16)","decl":{"start":{"line":64,"column":4},"end":{"line":64,"column":10}},"loc":{"start":{"line":64,"column":54},"end":{"line":66,"column":5}}},"11":{"name":"(anonymous_17)","decl":{"start":{"line":67,"column":4},"end":{"line":67,"column":10}},"loc":{"start":{"line":67,"column":38},"end":{"line":69,"column":5}}}},"branchMap":{"0":{"loc":{"start":{"line":26,"column":8},"end":{"line":26,"column":15}},"type":"binary-expr","locations":[{"start":{"line":26,"column":8},"end":{"line":26,"column":15}},{"start":{"line":26,"column":15},"end":{"line":26,"column":null}}]},"1":{"loc":{"start":{"line":43,"column":8},"end":{"line":43,"column":15}},"type":"binary-expr","locations":[{"start":{"line":43,"column":8},"end":{"line":43,"column":15}},{"start":{"line":43,"column":15},"end":{"line":43,"column":null}}]},"2":{"loc":{"start":{"line":61,"column":26},"end":{"line":61,"column":null}},"type":"if","locations":[{"start":{"line":61,"column":26},"end":{"line":61,"column":null}},{"start":{"line":61,"column":26},"end":{"line":61,"column":null}}]}},"s":{"0":1,"1":1,"2":1,"3":1,"4":1,"5":1,"6":0,"7":1,"8":1,"9":1,"10":1,"11":0,"12":0,"13":1,"14":0,"15":0,"16":0,"17":0,"18":0,"19":1,"20":0,"21":1,"22":0,"23":1,"24":0,"25":0,"26":1,"27":0,"28":1,"29":0,"30":1},"f":{"0":1,"1":1,"2":0,"3":1,"4":0,"5":0,"6":0,"7":0,"8":0,"9":0,"10":0,"11":0},"b":{"0":[1,1],"1":[0,0],"2":[0,0]}}
,"/home/workhub/work/workerhive-graph/packages/graph-server/lib/registry/type.ts": {"path":"/home/workhub/work/workerhive-graph/packages/graph-server/lib/registry/type.ts","statementMap":{"0":{"start":{"line":1,"column":0},"end":{"line":1,"column":182}},"1":{"start":{"line":2,"column":0},"end":{"line":2,"column":104}},"2":{"start":{"line":3,"column":0},"end":{"line":3,"column":34}},"3":{"start":{"line":4,"column":0},"end":{"line":4,"column":77}},"4":{"start":{"line":6,"column":0},"end":{"line":6,"column":33}},"5":{"start":{"line":8,"column":0},"end":{"line":8,"column":null}},"6":{"start":{"line":8,"column":42},"end":{"line":8,"column":54}},"7":{"start":{"line":16,"column":8},"end":{"line":16,"column":null}},"8":{"start":{"line":13,"column":11},"end":{"line":13,"column":59}},"9":{"start":{"line":17,"column":8},"end":{"line":17,"column":28}},"10":{"start":{"line":18,"column":8},"end":{"line":18,"column":36}},"11":{"start":{"line":19,"column":8},"end":{"line":19,"column":28}},"12":{"start":{"line":21,"column":8},"end":{"line":21,"column":28}},"13":{"start":{"line":23,"column":8},"end":{"line":23,"column":null}},"14":{"start":{"line":28,"column":4},"end":{"line":32,"column":null}},"15":{"start":{"line":28,"column":4},"end":{"line":28,"column":16}},"16":{"start":{"line":29,"column":8},"end":{"line":31,"column":null}},"17":{"start":{"line":30,"column":12},"end":{"line":30,"column":null}},"18":{"start":{"line":34,"column":4},"end":{"line":111,"column":null}},"19":{"start":{"line":34,"column":4},"end":{"line":34,"column":16}},"20":{"start":{"line":35,"column":8},"end":{"line":41,"column":null}},"21":{"start":{"line":42,"column":8},"end":{"line":84,"column":null}},"22":{"start":{"line":48,"column":47},"end":{"line":48,"column":48}},"23":{"start":{"line":49,"column":20},"end":{"line":56,"column":null}},"24":{"start":{"line":51,"column":24},"end":{"line":55,"column":28}},"25":{"start":{"line":51,"column":90},"end":{"line":55,"column":27}},"26":{"start":{"line":63,"column":20},"end":{"line":63,"column":null}},"27":{"start":{"line":69,"column":20},"end":{"line":69,"column":null}},"28":{"start":{"line":75,"column":20},"end":{"line":75,"column":null}},"29":{"start":{"line":81,"column":20},"end":{"line":81,"column":43}},"30":{"start":{"line":86,"column":8},"end":{"line":108,"column":null}},"31":{"start":{"line":94,"column":20},"end":{"line":94,"column":69}},"32":{"start":{"line":104,"column":20},"end":{"line":104,"column":null}},"33":{"start":{"line":105,"column":20},"end":{"line":105,"column":null}},"34":{"start":{"line":110,"column":8},"end":{"line":110,"column":null}},"35":{"start":{"line":113,"column":4},"end":{"line":121,"column":null}},"36":{"start":{"line":113,"column":4},"end":{"line":113,"column":8}},"37":{"start":{"line":114,"column":35},"end":{"line":114,"column":37}},"38":{"start":{"line":115,"column":8},"end":{"line":119,"column":null}},"39":{"start":{"line":116,"column":12},"end":{"line":118,"column":null}},"40":{"start":{"line":117,"column":16},"end":{"line":117,"column":65}},"41":{"start":{"line":120,"column":8},"end":{"line":120,"column":22}},"42":{"start":{"line":123,"column":4},"end":{"line":131,"column":null}},"43":{"start":{"line":123,"column":4},"end":{"line":123,"column":8}},"44":{"start":{"line":124,"column":35},"end":{"line":124,"column":37}},"45":{"start":{"line":125,"column":8},"end":{"line":129,"column":11}},"46":{"start":{"line":126,"column":12},"end":{"line":128,"column":null}},"47":{"start":{"line":127,"column":16},"end":{"line":127,"column":65}},"48":{"start":{"line":130,"column":8},"end":{"line":130,"column":22}},"49":{"start":{"line":132,"column":4},"end":{"line":142,"column":null}},"50":{"start":{"line":132,"column":4},"end":{"line":132,"column":14}},"51":{"start":{"line":133,"column":22},"end":{"line":133,"column":24}},"52":{"start":{"line":134,"column":20},"end":{"line":134,"column":39}},"53":{"start":{"line":135,"column":8},"end":{"line":141,"column":null}},"54":{"start":{"line":136,"column":12},"end":{"line":140,"column":null}},"55":{"start":{"line":137,"column":16},"end":{"line":139,"column":null}},"56":{"start":{"line":138,"column":20},"end":{"line":138,"column":null}},"57":{"start":{"line":144,"column":4},"end":{"line":158,"column":null}},"58":{"start":{"line":145,"column":32},"end":{"line":145,"column":34}},"59":{"start":{"line":146,"column":30},"end":{"line":146,"column":32}},"60":{"start":{"line":147,"column":8},"end":{"line":150,"column":null}},"61":{"start":{"line":147,"column":29},"end":{"line":147,"column":57}},"62":{"start":{"line":148,"column":12},"end":{"line":148,"column":null}},"63":{"start":{"line":149,"column":12},"end":{"line":149,"column":null}},"64":{"start":{"line":151,"column":8},"end":{"line":153,"column":null}},"65":{"start":{"line":154,"column":8},"end":{"line":156,"column":null}},"66":{"start":{"line":157,"column":8},"end":{"line":157,"column":null}},"67":{"start":{"line":160,"column":4},"end":{"line":166,"column":null}},"68":{"start":{"line":160,"column":4},"end":{"line":160,"column":16}},"69":{"start":{"line":161,"column":8},"end":{"line":164,"column":null}},"70":{"start":{"line":162,"column":10},"end":{"line":162,"column":null}},"71":{"start":{"line":163,"column":10},"end":{"line":163,"column":null}},"72":{"start":{"line":165,"column":8},"end":{"line":165,"column":null}},"73":{"start":{"line":168,"column":4},"end":{"line":170,"column":null}},"74":{"start":{"line":169,"column":8},"end":{"line":169,"column":null}},"75":{"start":{"line":172,"column":4},"end":{"line":183,"column":null}},"76":{"start":{"line":174,"column":24},"end":{"line":179,"column":10}},"77":{"start":{"line":180,"column":8},"end":{"line":180,"column":null}},"78":{"start":{"line":182,"column":8},"end":{"line":182,"column":null}},"79":{"start":{"line":185,"column":4},"end":{"line":204,"column":null}},"80":{"start":{"line":186,"column":21},"end":{"line":186,"column":23}},"81":{"start":{"line":187,"column":8},"end":{"line":189,"column":null}},"82":{"start":{"line":188,"column":12},"end":{"line":188,"column":null}},"83":{"start":{"line":190,"column":22},"end":{"line":192,"column":null}},"84":{"start":{"line":192,"column":36},"end":{"line":192,"column":60}},"85":{"start":{"line":195,"column":23},"end":{"line":197,"column":null}},"86":{"start":{"line":197,"column":32},"end":{"line":197,"column":56}},"87":{"start":{"line":200,"column":20},"end":{"line":200,"column":56}},"88":{"start":{"line":201,"column":18},"end":{"line":201,"column":55}},"89":{"start":{"line":202,"column":8},"end":{"line":202,"column":null}},"90":{"start":{"line":203,"column":8},"end":{"line":203,"column":null}},"91":{"start":{"line":206,"column":4},"end":{"line":230,"column":null}},"92":{"start":{"line":207,"column":24},"end":{"line":207,"column":28}},"93":{"start":{"line":209,"column":18},"end":{"line":214,"column":10}},"94":{"start":{"line":216,"column":8},"end":{"line":227,"column":null}},"95":{"start":{"line":228,"column":8},"end":{"line":228,"column":null}},"96":{"start":{"line":229,"column":8},"end":{"line":229,"column":29}},"97":{"start":{"line":232,"column":4},"end":{"line":244,"column":null}},"98":{"start":{"line":233,"column":20},"end":{"line":233,"column":61}},"99":{"start":{"line":233,"column":45},"end":{"line":233,"column":61}},"100":{"start":{"line":234,"column":18},"end":{"line":237,"column":21}},"101":{"start":{"line":236,"column":12},"end":{"line":236,"column":null}},"102":{"start":{"line":239,"column":8},"end":{"line":239,"column":47}},"103":{"start":{"line":241,"column":8},"end":{"line":241,"column":39}},"104":{"start":{"line":243,"column":8},"end":{"line":243,"column":null}},"105":{"start":{"line":246,"column":4},"end":{"line":251,"column":null}},"106":{"start":{"line":248,"column":24},"end":{"line":248,"column":57}},"107":{"start":{"line":249,"column":8},"end":{"line":249,"column":49}},"108":{"start":{"line":253,"column":4},"end":{"line":264,"column":null}},"109":{"start":{"line":254,"column":27},"end":{"line":254,"column":48}},"110":{"start":{"line":256,"column":8},"end":{"line":259,"column":null}},"111":{"start":{"line":258,"column":12},"end":{"line":258,"column":null}},"112":{"start":{"line":262,"column":8},"end":{"line":262,"column":null}},"113":{"start":{"line":266,"column":4},"end":{"line":274,"column":null}},"114":{"start":{"line":267,"column":18},"end":{"line":267,"column":20}},"115":{"start":{"line":268,"column":8},"end":{"line":272,"column":null}},"116":{"start":{"line":269,"column":12},"end":{"line":271,"column":null}},"117":{"start":{"line":270,"column":16},"end":{"line":270,"column":43}},"118":{"start":{"line":273,"column":8},"end":{"line":273,"column":19}},"119":{"start":{"line":275,"column":0},"end":{"line":275,"column":null}},"120":{"start":{"line":277,"column":0},"end":{"line":277,"column":39}},"121":{"start":{"line":278,"column":0},"end":{"line":278,"column":31}},"122":{"start":{"line":282,"column":0},"end":{"line":282,"column":13}},"123":{"start":{"line":290,"column":8},"end":{"line":290,"column":29}},"124":{"start":{"line":291,"column":8},"end":{"line":291,"column":46}},"125":{"start":{"line":292,"column":8},"end":{"line":292,"column":null}},"126":{"start":{"line":292,"column":65},"end":{"line":292,"column":72}},"127":{"start":{"line":295,"column":4},"end":{"line":297,"column":null}},"128":{"start":{"line":296,"column":8},"end":{"line":296,"column":36}},"129":{"start":{"line":299,"column":4},"end":{"line":301,"column":null}},"130":{"start":{"line":300,"column":8},"end":{"line":300,"column":35}},"131":{"start":{"line":303,"column":4},"end":{"line":329,"column":null}},"132":{"start":{"line":303,"column":4},"end":{"line":303,"column":8}},"133":{"start":{"line":304,"column":40},"end":{"line":304,"column":42}},"134":{"start":{"line":306,"column":8},"end":{"line":310,"column":null}},"135":{"start":{"line":307,"column":12},"end":{"line":307,"column":null}},"136":{"start":{"line":308,"column":14},"end":{"line":310,"column":null}},"137":{"start":{"line":309,"column":12},"end":{"line":309,"column":55}},"138":{"start":{"line":311,"column":8},"end":{"line":321,"column":11}},"139":{"start":{"line":312,"column":31},"end":{"line":315,"column":15}},"140":{"start":{"line":312,"column":86},"end":{"line":315,"column":15}},"141":{"start":{"line":316,"column":12},"end":{"line":320,"column":null}},"142":{"start":{"line":331,"column":4},"end":{"line":343,"column":null}},"143":{"start":{"line":332,"column":18},"end":{"line":332,"column":39}},"144":{"start":{"line":333,"column":21},"end":{"line":333,"column":36}},"145":{"start":{"line":334,"column":27},"end":{"line":334,"column":29}},"146":{"start":{"line":335,"column":8},"end":{"line":341,"column":null}},"147":{"start":{"line":336,"column":12},"end":{"line":340,"column":null}},"148":{"start":{"line":342,"column":8},"end":{"line":342,"column":22}},"149":{"start":{"line":345,"column":0},"end":{"line":345,"column":null}},"150":{"start":{"line":282,"column":13},"end":{"line":282,"column":17}}},"fnMap":{"0":{"name":"(anonymous_9)","decl":{"start":{"line":8,"column":0},"end":{"line":8,"column":42}},"loc":{"start":{"line":8,"column":0},"end":{"line":275,"column":null}}},"1":{"name":"TypeRegistry","decl":{"start":{"line":15,"column":4},"end":{"line":15,"column":16}},"loc":{"start":{"line":15,"column":47},"end":{"line":26,"column":5}}},"2":{"name":"(anonymous_11)","decl":{"start":{"line":28,"column":4},"end":{"line":28,"column":16}},"loc":{"start":{"line":28,"column":4},"end":{"line":32,"column":5}}},"3":{"name":"(anonymous_12)","decl":{"start":{"line":29,"column":24},"end":{"line":29,"column":25}},"loc":{"start":{"line":29,"column":31},"end":{"line":31,"column":9}}},"4":{"name":"(anonymous_13)","decl":{"start":{"line":34,"column":4},"end":{"line":34,"column":16}},"loc":{"start":{"line":34,"column":4},"end":{"line":111,"column":5}}},"5":{"name":"(anonymous_14)","decl":{"start":{"line":48,"column":25},"end":{"line":48,"column":26}},"loc":{"start":{"line":48,"column":71},"end":{"line":58,"column":17}}},"6":{"name":"(anonymous_15)","decl":{"start":{"line":49,"column":44},"end":{"line":49,"column":45}},"loc":{"start":{"line":49,"column":63},"end":{"line":56,"column":21}}},"7":{"name":"(anonymous_16)","decl":{"start":{"line":51,"column":83},"end":{"line":51,"column":84}},"loc":{"start":{"line":51,"column":85},"end":{"line":51,"column":91}}},"8":{"name":"(anonymous_17)","decl":{"start":{"line":62,"column":25},"end":{"line":62,"column":null}},"loc":{"start":{"line":62,"column":25},"end":{"line":64,"column":17}}},"9":{"name":"(anonymous_18)","decl":{"start":{"line":68,"column":25},"end":{"line":68,"column":null}},"loc":{"start":{"line":68,"column":25},"end":{"line":70,"column":17}}},"10":{"name":"(anonymous_19)","decl":{"start":{"line":74,"column":25},"end":{"line":74,"column":26}},"loc":{"start":{"line":74,"column":47},"end":{"line":76,"column":17}}},"11":{"name":"(anonymous_20)","decl":{"start":{"line":80,"column":25},"end":{"line":80,"column":26}},"loc":{"start":{"line":80,"column":47},"end":{"line":82,"column":17}}},"12":{"name":"(anonymous_21)","decl":{"start":{"line":93,"column":25},"end":{"line":93,"column":26}},"loc":{"start":{"line":93,"column":47},"end":{"line":95,"column":17}}},"13":{"name":"(anonymous_22)","decl":{"start":{"line":103,"column":25},"end":{"line":103,"column":26}},"loc":{"start":{"line":103,"column":47},"end":{"line":106,"column":17}}},"14":{"name":"(anonymous_23)","decl":{"start":{"line":113,"column":4},"end":{"line":113,"column":8}},"loc":{"start":{"line":113,"column":4},"end":{"line":121,"column":5}}},"15":{"name":"(anonymous_24)","decl":{"start":{"line":115,"column":36},"end":{"line":115,"column":37}},"loc":{"start":{"line":115,"column":46},"end":{"line":119,"column":9}}},"16":{"name":"(anonymous_25)","decl":{"start":{"line":123,"column":4},"end":{"line":123,"column":8}},"loc":{"start":{"line":123,"column":4},"end":{"line":131,"column":5}}},"17":{"name":"(anonymous_26)","decl":{"start":{"line":125,"column":36},"end":{"line":125,"column":37}},"loc":{"start":{"line":125,"column":46},"end":{"line":129,"column":9}}},"18":{"name":"(anonymous_27)","decl":{"start":{"line":132,"column":4},"end":{"line":132,"column":14}},"loc":{"start":{"line":132,"column":4},"end":{"line":142,"column":5}}},"19":{"name":"(anonymous_28)","decl":{"start":{"line":135,"column":22},"end":{"line":135,"column":23}},"loc":{"start":{"line":135,"column":32},"end":{"line":141,"column":9}}},"20":{"name":"(anonymous_29)","decl":{"start":{"line":144,"column":4},"end":{"line":144,"column":13}},"loc":{"start":{"line":144,"column":75},"end":{"line":158,"column":5}}},"21":{"name":"(anonymous_30)","decl":{"start":{"line":147,"column":22},"end":{"line":147,"column":23}},"loc":{"start":{"line":147,"column":24},"end":{"line":147,"column":30}}},"22":{"name":"(anonymous_31)","decl":{"start":{"line":147,"column":66},"end":{"line":147,"column":67}},"loc":{"start":{"line":147,"column":72},"end":{"line":150,"column":9}}},"23":{"name":"(anonymous_32)","decl":{"start":{"line":160,"column":4},"end":{"line":160,"column":16}},"loc":{"start":{"line":160,"column":56},"end":{"line":166,"column":5}}},"24":{"name":"(anonymous_33)","decl":{"start":{"line":161,"column":23},"end":{"line":161,"column":28}},"loc":{"start":{"line":161,"column":28},"end":{"line":164,"column":9}}},"25":{"name":"(anonymous_34)","decl":{"start":{"line":168,"column":4},"end":{"line":168,"column":11}},"loc":{"start":{"line":168,"column":25},"end":{"line":170,"column":5}}},"26":{"name":"(anonymous_35)","decl":{"start":{"line":172,"column":4},"end":{"line":172,"column":21}},"loc":{"start":{"line":172,"column":44},"end":{"line":183,"column":5}}},"27":{"name":"(anonymous_36)","decl":{"start":{"line":185,"column":4},"end":{"line":185,"column":19}},"loc":{"start":{"line":185,"column":43},"end":{"line":204,"column":5}}},"28":{"name":"(anonymous_37)","decl":{"start":{"line":192,"column":29},"end":{"line":192,"column":30}},"loc":{"start":{"line":192,"column":31},"end":{"line":192,"column":39}}},"29":{"name":"(anonymous_38)","decl":{"start":{"line":197,"column":25},"end":{"line":197,"column":26}},"loc":{"start":{"line":197,"column":27},"end":{"line":197,"column":35}}},"30":{"name":"(anonymous_39)","decl":{"start":{"line":206,"column":4},"end":{"line":206,"column":16}},"loc":{"start":{"line":206,"column":41},"end":{"line":230,"column":5}}},"31":{"name":"(anonymous_40)","decl":{"start":{"line":222,"column":25},"end":{"line":222,"column":26}},"loc":{"start":{"line":222,"column":47},"end":{"line":225,"column":17}}},"32":{"name":"(anonymous_41)","decl":{"start":{"line":232,"column":4},"end":{"line":232,"column":18}},"loc":{"start":{"line":232,"column":31},"end":{"line":244,"column":5}}},"33":{"name":"(anonymous_42)","decl":{"start":{"line":233,"column":38},"end":{"line":233,"column":39}},"loc":{"start":{"line":233,"column":40},"end":{"line":233,"column":46}}},"34":{"name":"(anonymous_43)","decl":{"start":{"line":235,"column":26},"end":{"line":235,"column":27}},"loc":{"start":{"line":235,"column":31},"end":{"line":237,"column":9}}},"35":{"name":"(anonymous_44)","decl":{"start":{"line":246,"column":4},"end":{"line":246,"column":8}},"loc":{"start":{"line":246,"column":4},"end":{"line":251,"column":5}}},"36":{"name":"(anonymous_45)","decl":{"start":{"line":253,"column":4},"end":{"line":253,"column":8}},"loc":{"start":{"line":253,"column":4},"end":{"line":264,"column":5}}},"37":{"name":"(anonymous_46)","decl":{"start":{"line":266,"column":4},"end":{"line":266,"column":8}},"loc":{"start":{"line":266,"column":4},"end":{"line":274,"column":5}}},"38":{"name":"(anonymous_47)","decl":{"start":{"line":268,"column":36},"end":{"line":268,"column":37}},"loc":{"start":{"line":268,"column":46},"end":{"line":272,"column":9}}},"39":{"name":"(anonymous_48)","decl":{"start":{"line":282,"column":0},"end":{"line":282,"column":13}},"loc":{"start":{"line":282,"column":0},"end":{"line":345,"column":null}}},"40":{"name":"Type","decl":{"start":{"line":289,"column":4},"end":{"line":289,"column":16}},"loc":{"start":{"line":289,"column":62},"end":{"line":293,"column":5}}},"41":{"name":"(anonymous_50)","decl":{"start":{"line":292,"column":58},"end":{"line":292,"column":59}},"loc":{"start":{"line":292,"column":60},"end":{"line":292,"column":66}}},"42":{"name":"(anonymous_51)","decl":{"start":{"line":295,"column":4},"end":{"line":295,"column":8}},"loc":{"start":{"line":295,"column":4},"end":{"line":297,"column":5}}},"43":{"name":"(anonymous_52)","decl":{"start":{"line":299,"column":4},"end":{"line":299,"column":8}},"loc":{"start":{"line":299,"column":4},"end":{"line":301,"column":5}}},"44":{"name":"(anonymous_53)","decl":{"start":{"line":303,"column":4},"end":{"line":303,"column":8}},"loc":{"start":{"line":303,"column":4},"end":{"line":329,"column":5}}},"45":{"name":"(anonymous_54)","decl":{"start":{"line":311,"column":40},"end":{"line":311,"column":41}},"loc":{"start":{"line":311,"column":66},"end":{"line":321,"column":9}}},"46":{"name":"(anonymous_55)","decl":{"start":{"line":312,"column":74},"end":{"line":312,"column":75}},"loc":{"start":{"line":312,"column":81},"end":{"line":312,"column":87}}},"47":{"name":"(anonymous_56)","decl":{"start":{"line":331,"column":4},"end":{"line":331,"column":8}},"loc":{"start":{"line":331,"column":4},"end":{"line":343,"column":5}}}},"branchMap":{"0":{"loc":{"start":{"line":16,"column":8},"end":{"line":16,"column":15}},"type":"binary-expr","locations":[{"start":{"line":16,"column":8},"end":{"line":16,"column":15}},{"start":{"line":16,"column":15},"end":{"line":16,"column":null}}]},"1":{"loc":{"start":{"line":116,"column":12},"end":{"line":118,"column":null}},"type":"if","locations":[{"start":{"line":116,"column":12},"end":{"line":118,"column":null}},{"start":{"line":116,"column":12},"end":{"line":118,"column":null}}]},"2":{"loc":{"start":{"line":116,"column":15},"end":{"line":116,"column":38}},"type":"binary-expr","locations":[{"start":{"line":116,"column":15},"end":{"line":116,"column":38}},{"start":{"line":116,"column":42},"end":{"line":116,"column":90}}]},"3":{"loc":{"start":{"line":126,"column":12},"end":{"line":128,"column":null}},"type":"if","locations":[{"start":{"line":126,"column":12},"end":{"line":128,"column":null}},{"start":{"line":126,"column":12},"end":{"line":128,"column":null}}]},"4":{"loc":{"start":{"line":126,"column":15},"end":{"line":126,"column":38}},"type":"binary-expr","locations":[{"start":{"line":126,"column":15},"end":{"line":126,"column":38}},{"start":{"line":126,"column":42},"end":{"line":126,"column":74}}]},"5":{"loc":{"start":{"line":136,"column":12},"end":{"line":140,"column":null}},"type":"if","locations":[{"start":{"line":136,"column":12},"end":{"line":140,"column":null}},{"start":{"line":136,"column":12},"end":{"line":140,"column":null}}]},"6":{"loc":{"start":{"line":137,"column":16},"end":{"line":139,"column":null}},"type":"if","locations":[{"start":{"line":137,"column":16},"end":{"line":139,"column":null}},{"start":{"line":137,"column":16},"end":{"line":139,"column":null}}]},"7":{"loc":{"start":{"line":147,"column":29},"end":{"line":147,"column":35}},"type":"binary-expr","locations":[{"start":{"line":147,"column":29},"end":{"line":147,"column":35}},{"start":{"line":147,"column":39},"end":{"line":147,"column":56}}]},"8":{"loc":{"start":{"line":256,"column":8},"end":{"line":259,"column":null}},"type":"if","locations":[{"start":{"line":256,"column":8},"end":{"line":259,"column":null}},{"start":{"line":256,"column":8},"end":{"line":259,"column":null}}]},"9":{"loc":{"start":{"line":269,"column":12},"end":{"line":271,"column":null}},"type":"if","locations":[{"start":{"line":269,"column":12},"end":{"line":271,"column":null}},{"start":{"line":269,"column":12},"end":{"line":271,"column":null}}]},"10":{"loc":{"start":{"line":306,"column":8},"end":{"line":310,"column":null}},"type":"if","locations":[{"start":{"line":306,"column":8},"end":{"line":310,"column":null}},{"start":{"line":306,"column":8},"end":{"line":310,"column":null}}]},"11":{"loc":{"start":{"line":308,"column":14},"end":{"line":310,"column":null}},"type":"if","locations":[{"start":{"line":308,"column":14},"end":{"line":310,"column":null}},{"start":{"line":308,"column":14},"end":{"line":310,"column":null}}]},"12":{"loc":{"start":{"line":339,"column":45},"end":{"line":339,"column":47}},"type":"cond-expr","locations":[{"start":{"line":339,"column":45},"end":{"line":339,"column":47}},{"start":{"line":339,"column":45},"end":{"line":339,"column":57}}]},"13":{"loc":{"start":{"line":339,"column":28},"end":{"line":339,"column":47}},"type":"binary-expr","locations":[{"start":{"line":339,"column":28},"end":{"line":339,"column":47}},{"start":{"line":339,"column":45},"end":{"line":339,"column":47}}]}},"s":{"0":1,"1":1,"2":1,"3":1,"4":1,"5":1,"6":1,"7":1,"8":1,"9":1,"10":1,"11":1,"12":1,"13":1,"14":1,"15":1,"16":1,"17":2,"18":1,"19":1,"20":1,"21":1,"22":0,"23":0,"24":0,"25":0,"26":0,"27":0,"28":0,"29":0,"30":1,"31":0,"32":0,"33":0,"34":1,"35":1,"36":0,"37":0,"38":0,"39":0,"40":0,"41":0,"42":1,"43":0,"44":0,"45":0,"46":0,"47":0,"48":0,"49":1,"50":0,"51":0,"52":0,"53":0,"54":0,"55":0,"56":0,"57":1,"58":0,"59":0,"60":0,"61":0,"62":0,"63":0,"64":0,"65":0,"66":0,"67":1,"68":0,"69":0,"70":0,"71":0,"72":0,"73":1,"74":2,"75":1,"76":0,"77":0,"78":0,"79":1,"80":0,"81":0,"82":0,"83":0,"84":0,"85":0,"86":0,"87":0,"88":0,"89":0,"90":0,"91":1,"92":0,"93":0,"94":0,"95":0,"96":0,"97":1,"98":0,"99":0,"100":0,"101":0,"102":0,"103":0,"104":0,"105":1,"106":2,"107":2,"108":1,"109":1,"110":1,"111":1,"112":1,"113":1,"114":0,"115":0,"116":0,"117":0,"118":0,"119":1,"120":1,"121":1,"122":1,"123":8,"124":8,"125":8,"126":8,"127":1,"128":9,"129":1,"130":0,"131":1,"132":3,"133":3,"134":3,"135":0,"136":3,"137":3,"138":3,"139":8,"140":6,"141":8,"142":1,"143":11,"144":11,"145":11,"146":11,"147":32,"148":11,"149":1,"150":1},"f":{"0":1,"1":1,"2":1,"3":2,"4":1,"5":0,"6":0,"7":0,"8":0,"9":0,"10":0,"11":0,"12":0,"13":0,"14":0,"15":0,"16":0,"17":0,"18":0,"19":0,"20":0,"21":0,"22":0,"23":0,"24":0,"25":2,"26":0,"27":0,"28":0,"29":0,"30":0,"31":0,"32":0,"33":0,"34":0,"35":2,"36":1,"37":0,"38":0,"39":1,"40":8,"41":8,"42":9,"43":0,"44":3,"45":8,"46":6,"47":11},"b":{"0":[1,1],"1":[0,0],"2":[0,0],"3":[0,0],"4":[0,0],"5":[0,0],"6":[0,0],"7":[0,0],"8":[1,0],"9":[0,0],"10":[0,3],"11":[3,0],"12":[0,32],"13":[32,32]}}
,"/home/workhub/work/workerhive-graph/packages/graph-server/lib/scalars/description.ts": {"path":"/home/workhub/work/workerhive-graph/packages/graph-server/lib/scalars/description.ts","statementMap":{"0":{"start":{"line":1,"column":0},"end":{"line":1,"column":50}},"1":{"start":{"line":3,"column":13},"end":{"line":18,"column":null}},"2":{"start":{"line":7,"column":8},"end":{"line":7,"column":21}},"3":{"start":{"line":10,"column":8},"end":{"line":10,"column":21}},"4":{"start":{"line":13,"column":8},"end":{"line":15,"column":null}},"5":{"start":{"line":14,"column":12},"end":{"line":14,"column":29}},"6":{"start":{"line":16,"column":8},"end":{"line":16,"column":20}}},"fnMap":{"0":{"name":"(anonymous_0)","decl":{"start":{"line":6,"column":14},"end":{"line":6,"column":15}},"loc":{"start":{"line":6,"column":20},"end":{"line":8,"column":5}}},"1":{"name":"(anonymous_1)","decl":{"start":{"line":9,"column":13},"end":{"line":9,"column":14}},"loc":{"start":{"line":9,"column":19},"end":{"line":11,"column":5}}},"2":{"name":"(anonymous_2)","decl":{"start":{"line":12,"column":16},"end":{"line":12,"column":17}},"loc":{"start":{"line":12,"column":20},"end":{"line":17,"column":5}}}},"branchMap":{"0":{"loc":{"start":{"line":13,"column":8},"end":{"line":15,"column":null}},"type":"if","locations":[{"start":{"line":13,"column":8},"end":{"line":15,"column":null}},{"start":{"line":13,"column":8},"end":{"line":15,"column":null}}]}},"s":{"0":1,"1":1,"2":0,"3":0,"4":0,"5":0,"6":0},"f":{"0":0,"1":0,"2":0},"b":{"0":[0,0]}}
,"/home/workhub/work/workerhive-graph/packages/graph-server/lib/scalars/hash.ts": {"path":"/home/workhub/work/workerhive-graph/packages/graph-server/lib/scalars/hash.ts","statementMap":{"0":{"start":{"line":1,"column":0},"end":{"line":1,"column":28}},"1":{"start":{"line":2,"column":0},"end":{"line":2,"column":50}},"2":{"start":{"line":4,"column":18},"end":{"line":4,"column":39}},"3":{"start":{"line":6,"column":13},"end":{"line":29,"column":null}},"4":{"start":{"line":10,"column":8},"end":{"line":14,"column":null}},"5":{"start":{"line":11,"column":12},"end":{"line":11,"column":75}},"6":{"start":{"line":13,"column":12},"end":{"line":13,"column":25}},"7":{"start":{"line":17,"column":8},"end":{"line":17,"column":21}},"8":{"start":{"line":20,"column":8},"end":{"line":26,"column":null}},"9":{"start":{"line":21,"column":12},"end":{"line":25,"column":null}},"10":{"start":{"line":22,"column":16},"end":{"line":22,"column":null}},"11":{"start":{"line":24,"column":16},"end":{"line":24,"column":33}},"12":{"start":{"line":27,"column":8},"end":{"line":27,"column":20}}},"fnMap":{"0":{"name":"(anonymous_1)","decl":{"start":{"line":9,"column":14},"end":{"line":9,"column":15}},"loc":{"start":{"line":9,"column":20},"end":{"line":15,"column":5}}},"1":{"name":"(anonymous_2)","decl":{"start":{"line":16,"column":13},"end":{"line":16,"column":14}},"loc":{"start":{"line":16,"column":19},"end":{"line":18,"column":5}}},"2":{"name":"(anonymous_3)","decl":{"start":{"line":19,"column":16},"end":{"line":19,"column":17}},"loc":{"start":{"line":19,"column":20},"end":{"line":28,"column":5}}}},"branchMap":{"0":{"loc":{"start":{"line":10,"column":8},"end":{"line":14,"column":null}},"type":"if","locations":[{"start":{"line":10,"column":8},"end":{"line":14,"column":null}},{"start":{"line":10,"column":8},"end":{"line":14,"column":null}}]},"1":{"loc":{"start":{"line":20,"column":8},"end":{"line":26,"column":null}},"type":"if","locations":[{"start":{"line":20,"column":8},"end":{"line":26,"column":null}},{"start":{"line":20,"column":8},"end":{"line":26,"column":null}}]},"2":{"loc":{"start":{"line":21,"column":12},"end":{"line":25,"column":null}},"type":"if","locations":[{"start":{"line":21,"column":12},"end":{"line":25,"column":null}},{"start":{"line":21,"column":12},"end":{"line":25,"column":null}}]}},"s":{"0":1,"1":1,"2":1,"3":1,"4":1,"5":1,"6":0,"7":1,"8":0,"9":0,"10":0,"11":0,"12":0},"f":{"0":1,"1":1,"2":0},"b":{"0":[1,0],"1":[0,0],"2":[0,0]}}
,"/home/workhub/work/workerhive-graph/packages/graph-server/lib/scalars/index.ts": {"path":"/home/workhub/work/workerhive-graph/packages/graph-server/lib/scalars/index.ts","statementMap":{"0":{"start":{"line":1,"column":0},"end":{"line":1,"column":49}},"1":{"start":{"line":2,"column":0},"end":{"line":2,"column":35}},"2":{"start":{"line":5,"column":0},"end":{"line":8,"column":null}}},"fnMap":{},"branchMap":{},"s":{"0":1,"1":1,"2":1},"f":{},"b":{}}
,"/home/workhub/work/workerhive-graph/packages/graph-server/lib/utils/index.ts": {"path":"/home/workhub/work/workerhive-graph/packages/graph-server/lib/utils/index.ts","statementMap":{"0":{"start":{"line":3,"column":0},"end":{"line":3,"column":69}},"1":{"start":{"line":4,"column":0},"end":{"line":4,"column":40}},"2":{"start":{"line":7,"column":4},"end":{"line":7,"column":45}},"3":{"start":{"line":7,"column":37},"end":{"line":7,"column":44}},"4":{"start":{"line":6,"column":0},"end":{"line":6,"column":16}},"5":{"start":{"line":11,"column":29},"end":{"line":11,"column":31}},"6":{"start":{"line":12,"column":4},"end":{"line":20,"column":null}},"7":{"start":{"line":13,"column":8},"end":{"line":19,"column":null}},"8":{"start":{"line":14,"column":12},"end":{"line":18,"column":null}},"9":{"start":{"line":15,"column":16},"end":{"line":15,"column":null}},"10":{"start":{"line":16,"column":19},"end":{"line":18,"column":null}},"11":{"start":{"line":16,"column":54},"end":{"line":16,"column":61}},"12":{"start":{"line":17,"column":16},"end":{"line":17,"column":null}},"13":{"start":{"line":21,"column":4},"end":{"line":21,"column":17}},"14":{"start":{"line":10,"column":0},"end":{"line":10,"column":16}},"15":{"start":{"line":25,"column":29},"end":{"line":25,"column":31}},"16":{"start":{"line":26,"column":4},"end":{"line":37,"column":null}},"17":{"start":{"line":27,"column":8},"end":{"line":36,"column":null}},"18":{"start":{"line":28,"column":25},"end":{"line":28,"column":57}},"19":{"start":{"line":29,"column":12},"end":{"line":34,"column":null}},"20":{"start":{"line":30,"column":16},"end":{"line":33,"column":null}},"21":{"start":{"line":31,"column":20},"end":{"line":31,"column":null}},"22":{"start":{"line":32,"column":20},"end":{"line":32,"column":26}},"23":{"start":{"line":38,"column":4},"end":{"line":38,"column":17}},"24":{"start":{"line":24,"column":0},"end":{"line":24,"column":16}},"25":{"start":{"line":41,"column":0},"end":{"line":41,"column":33}},"26":{"start":{"line":43,"column":28},"end":{"line":71,"column":1}},"27":{"start":{"line":44,"column":4},"end":{"line":70,"column":null}},"28":{"start":{"line":46,"column":12},"end":{"line":46,"column":26}},"29":{"start":{"line":48,"column":12},"end":{"line":48,"column":null}},"30":{"start":{"line":50,"column":12},"end":{"line":50,"column":26}},"31":{"start":{"line":52,"column":12},"end":{"line":52,"column":24}},"32":{"start":{"line":54,"column":12},"end":{"line":54,"column":28}},"33":{"start":{"line":56,"column":12},"end":{"line":56,"column":null}},"34":{"start":{"line":58,"column":12},"end":{"line":58,"column":27}},"35":{"start":{"line":60,"column":12},"end":{"line":60,"column":28}},"36":{"start":{"line":62,"column":12},"end":{"line":62,"column":29}},"37":{"start":{"line":64,"column":12},"end":{"line":64,"column":null}},"38":{"start":{"line":64,"column":43},"end":{"line":64,"column":50}},"39":{"start":{"line":65,"column":12},"end":{"line":69,"column":null}},"40":{"start":{"line":65,"column":34},"end":{"line":65,"column":41}},"41":{"start":{"line":66,"column":16},"end":{"line":66,"column":28}},"42":{"start":{"line":68,"column":16},"end":{"line":68,"column":28}},"43":{"start":{"line":43,"column":13},"end":{"line":43,"column":28}},"44":{"start":{"line":73,"column":28},"end":{"line":109,"column":1}},"45":{"start":{"line":73,"column":43},"end":{"line":73,"column":null}},"46":{"start":{"line":74,"column":29},"end":{"line":74,"column":40}},"47":{"start":{"line":76,"column":23},"end":{"line":76,"column":25}},"48":{"start":{"line":80,"column":23},"end":{"line":80,"column":53}},"49":{"start":{"line":81,"column":4},"end":{"line":106,"column":null}},"50":{"start":{"line":82,"column":8},"end":{"line":90,"column":null}},"51":{"start":{"line":83,"column":12},"end":{"line":83,"column":null}},"52":{"start":{"line":85,"column":12},"end":{"line":89,"column":null}},"53":{"start":{"line":86,"column":16},"end":{"line":86,"column":null}},"54":{"start":{"line":88,"column":16},"end":{"line":88,"column":null}},"55":{"start":{"line":93,"column":22},"end":{"line":93,"column":37}},"56":{"start":{"line":95,"column":8},"end":{"line":103,"column":null}},"57":{"start":{"line":96,"column":12},"end":{"line":96,"column":37}},"58":{"start":{"line":98,"column":12},"end":{"line":102,"column":null}},"59":{"start":{"line":99,"column":16},"end":{"line":99,"column":null}},"60":{"start":{"line":101,"column":16},"end":{"line":101,"column":null}},"61":{"start":{"line":107,"column":4},"end":{"line":107,"column":19}},"62":{"start":{"line":73,"column":13},"end":{"line":73,"column":28}}},"fnMap":{"0":{"name":"objectValues","decl":{"start":{"line":6,"column":16},"end":{"line":6,"column":28}},"loc":{"start":{"line":6,"column":58},"end":{"line":8,"column":1}}},"1":{"name":"(anonymous_2)","decl":{"start":{"line":7,"column":32},"end":{"line":7,"column":33}},"loc":{"start":{"line":7,"column":33},"end":{"line":7,"column":40}}},"2":{"name":"getTypesWithDirective","decl":{"start":{"line":10,"column":16},"end":{"line":10,"column":37}},"loc":{"start":{"line":10,"column":81},"end":{"line":22,"column":1}}},"3":{"name":"(anonymous_4)","decl":{"start":{"line":12,"column":27},"end":{"line":12,"column":28}},"loc":{"start":{"line":12,"column":36},"end":{"line":20,"column":5}}},"4":{"name":"(anonymous_5)","decl":{"start":{"line":16,"column":47},"end":{"line":16,"column":48}},"loc":{"start":{"line":16,"column":49},"end":{"line":16,"column":55}}},"5":{"name":"getTypesWithFieldDirective","decl":{"start":{"line":24,"column":16},"end":{"line":24,"column":42}},"loc":{"start":{"line":24,"column":86},"end":{"line":39,"column":1}}},"6":{"name":"(anonymous_7)","decl":{"start":{"line":26,"column":27},"end":{"line":26,"column":28}},"loc":{"start":{"line":26,"column":36},"end":{"line":37,"column":5}}},"7":{"name":"(anonymous_8)","decl":{"start":{"line":43,"column":28},"end":{"line":43,"column":29}},"loc":{"start":{"line":43,"column":42},"end":{"line":71,"column":1}}},"8":{"name":"(anonymous_9)","decl":{"start":{"line":64,"column":36},"end":{"line":64,"column":37}},"loc":{"start":{"line":64,"column":38},"end":{"line":64,"column":44}}},"9":{"name":"(anonymous_10)","decl":{"start":{"line":65,"column":27},"end":{"line":65,"column":28}},"loc":{"start":{"line":65,"column":29},"end":{"line":65,"column":35}}},"10":{"name":"(anonymous_11)","decl":{"start":{"line":73,"column":28},"end":{"line":73,"column":29}},"loc":{"start":{"line":73,"column":82},"end":{"line":109,"column":1}}}},"branchMap":{"0":{"loc":{"start":{"line":13,"column":8},"end":{"line":19,"column":null}},"type":"if","locations":[{"start":{"line":13,"column":8},"end":{"line":19,"column":null}},{"start":{"line":13,"column":8},"end":{"line":19,"column":null}}]},"1":{"loc":{"start":{"line":13,"column":12},"end":{"line":13,"column":37}},"type":"binary-expr","locations":[{"start":{"line":13,"column":12},"end":{"line":13,"column":37}},{"start":{"line":13,"column":41},"end":{"line":13,"column":74}}]},"2":{"loc":{"start":{"line":14,"column":12},"end":{"line":18,"column":null}},"type":"if","locations":[{"start":{"line":14,"column":12},"end":{"line":18,"column":null}},{"start":{"line":14,"column":12},"end":{"line":18,"column":null}}]},"3":{"loc":{"start":{"line":14,"column":16},"end":{"line":14,"column":21}},"type":"binary-expr","locations":[{"start":{"line":14,"column":16},"end":{"line":14,"column":21}},{"start":{"line":14,"column":25},"end":{"line":14,"column":40}}]},"4":{"loc":{"start":{"line":16,"column":19},"end":{"line":18,"column":null}},"type":"if","locations":[{"start":{"line":16,"column":19},"end":{"line":18,"column":null}},{"start":{"line":16,"column":19},"end":{"line":18,"column":null}}]},"5":{"loc":{"start":{"line":27,"column":8},"end":{"line":36,"column":null}},"type":"if","locations":[{"start":{"line":27,"column":8},"end":{"line":36,"column":null}},{"start":{"line":27,"column":8},"end":{"line":36,"column":null}}]},"6":{"loc":{"start":{"line":27,"column":12},"end":{"line":27,"column":36}},"type":"binary-expr","locations":[{"start":{"line":27,"column":12},"end":{"line":27,"column":36}},{"start":{"line":27,"column":40},"end":{"line":27,"column":66}}]},"7":{"loc":{"start":{"line":30,"column":16},"end":{"line":33,"column":null}},"type":"if","locations":[{"start":{"line":30,"column":16},"end":{"line":33,"column":null}},{"start":{"line":30,"column":16},"end":{"line":33,"column":null}}]},"8":{"loc":{"start":{"line":45,"column":8},"end":{"line":46,"column":26}},"type":"switch","locations":[{"start":{"line":45,"column":8},"end":{"line":46,"column":26}},{"start":{"line":47,"column":8},"end":{"line":48,"column":null}},{"start":{"line":49,"column":8},"end":{"line":50,"column":26}},{"start":{"line":51,"column":8},"end":{"line":52,"column":24}},{"start":{"line":53,"column":8},"end":{"line":54,"column":28}},{"start":{"line":55,"column":8},"end":{"line":56,"column":null}},{"start":{"line":57,"column":8},"end":{"line":58,"column":27}},{"start":{"line":59,"column":8},"end":{"line":60,"column":28}},{"start":{"line":61,"column":8},"end":{"line":62,"column":29}},{"start":{"line":63,"column":8},"end":{"line":69,"column":null}}]},"9":{"loc":{"start":{"line":65,"column":12},"end":{"line":69,"column":null}},"type":"if","locations":[{"start":{"line":65,"column":12},"end":{"line":69,"column":null}},{"start":{"line":65,"column":12},"end":{"line":69,"column":null}}]},"10":{"loc":{"start":{"line":73,"column":43},"end":{"line":73,"column":null}},"type":"if","locations":[{"start":{"line":73,"column":43},"end":{"line":73,"column":null}},{"start":{"line":73,"column":43},"end":{"line":73,"column":null}}]},"11":{"loc":{"start":{"line":81,"column":4},"end":{"line":106,"column":null}},"type":"if","locations":[{"start":{"line":81,"column":4},"end":{"line":106,"column":null}},{"start":{"line":81,"column":4},"end":{"line":106,"column":null}}]},"12":{"loc":{"start":{"line":82,"column":8},"end":{"line":90,"column":null}},"type":"if","locations":[{"start":{"line":82,"column":8},"end":{"line":90,"column":null}},{"start":{"line":82,"column":8},"end":{"line":90,"column":null}}]},"13":{"loc":{"start":{"line":85,"column":12},"end":{"line":89,"column":null}},"type":"if","locations":[{"start":{"line":85,"column":12},"end":{"line":89,"column":null}},{"start":{"line":85,"column":12},"end":{"line":89,"column":null}}]},"14":{"loc":{"start":{"line":95,"column":8},"end":{"line":103,"column":null}},"type":"if","locations":[{"start":{"line":95,"column":8},"end":{"line":103,"column":null}},{"start":{"line":95,"column":8},"end":{"line":103,"column":null}}]},"15":{"loc":{"start":{"line":98,"column":12},"end":{"line":102,"column":null}},"type":"if","locations":[{"start":{"line":98,"column":12},"end":{"line":102,"column":null}},{"start":{"line":98,"column":12},"end":{"line":102,"column":null}}]}},"s":{"0":1,"1":1,"2":3,"3":8,"4":1,"5":2,"6":2,"7":120,"8":14,"9":0,"10":14,"11":6,"12":3,"13":2,"14":1,"15":1,"16":1,"17":36,"18":7,"19":7,"20":19,"21":3,"22":3,"23":1,"24":1,"25":1,"26":1,"27":4,"28":1,"29":0,"30":0,"31":0,"32":3,"33":0,"34":0,"35":0,"36":0,"37":0,"38":0,"39":0,"40":0,"41":0,"42":0,"43":1,"44":1,"45":4,"46":4,"47":4,"48":4,"49":4,"50":4,"51":4,"52":0,"53":0,"54":0,"55":0,"56":0,"57":0,"58":0,"59":0,"60":0,"61":4,"62":1},"f":{"0":3,"1":8,"2":2,"3":120,"4":6,"5":1,"6":36,"7":4,"8":0,"9":0,"10":4},"b":{"0":[14,106],"1":[120,32],"2":[0,14],"3":[14,14],"4":[3,11],"5":[7,29],"6":[36,12],"7":[3,16],"8":[1,0,0,0,3,0,0,0,0,0],"9":[0,0],"10":[0,4],"11":[4,0],"12":[4,0],"13":[0,0],"14":[0,0],"15":[0,0]}}
}
