TN:
SF:lib/index.ts
FN:15,(anonymous_20)
FN:19,(anonymous_21)
FN:39,HiveGraph
FN:66,(anonymous_23)
FN:71,(anonymous_24)
FN:75,(anonymous_25)
FN:87,(anonymous_26)
FN:92,(anonymous_27)
FN:106,(anonymous_30)
FN:111,(anonymous_31)
FN:116,(anonymous_32)
FN:120,(anonymous_33)
FNF:12
FNH:6
FNDA:0,(anonymous_20)
FNDA:1,(anonymous_21)
FNDA:1,HiveGraph
FNDA:1,(anonymous_23)
FNDA:7,(anonymous_24)
FNDA:4,(anonymous_25)
FNDA:0,(anonymous_26)
FNDA:2,(anonymous_27)
FNDA:0,(anonymous_30)
FNDA:0,(anonymous_31)
FNDA:0,(anonymous_32)
FNDA:0,(anonymous_33)
DA:2,1
DA:3,1
DA:4,1
DA:5,1
DA:8,1
DA:9,1
DA:10,1
DA:11,1
DA:15,1
DA:16,1
DA:19,1
DA:23,1
DA:35,1
DA:39,1
DA:40,1
DA:41,1
DA:43,1
DA:49,1
DA:51,1
DA:53,1
DA:55,1
DA:56,1
DA:57,1
DA:58,1
DA:66,1
DA:67,1
DA:69,1
DA:71,1
DA:72,7
DA:75,1
DA:76,4
DA:79,1
DA:81,1
DA:82,1
DA:84,1
DA:87,1
DA:88,0
DA:89,0
DA:92,1
DA:93,2
DA:102,2
DA:106,1
DA:107,0
DA:108,0
DA:111,1
DA:112,0
DA:113,0
DA:116,1
DA:117,0
DA:120,1
DA:121,0
DA:125,1
LF:52
LH:44
BRDA:39,0,0,0
BRDA:39,0,1,1
BRDA:39,1,0,0
BRDA:39,1,1,1
BRDA:40,2,0,1
BRDA:40,2,1,0
BRDA:79,3,0,1
BRDA:79,3,1,0
BRDA:93,4,0,2
BRDA:98,5,0,2
BRDA:98,5,1,0
BRF:11
BRH:6
end_of_record
TN:
SF:lib/initialTypes.ts
FN:1,(anonymous_0)
FNF:1
FNH:1
FNDA:1,(anonymous_0)
DA:1,1
LF:1
LH:1
BRF:0
BRH:0
end_of_record
TN:
SF:lib/directives/configurable.ts
FN:11,(anonymous_0)
FNF:1
FNH:1
FNDA:1,(anonymous_0)
DA:1,1
DA:5,1
DA:11,1
DA:13,1
LF:4
LH:4
BRF:0
BRH:0
end_of_record
TN:
SF:lib/directives/crud.ts
FN:16,transform
FN:21,(anonymous_16)
FN:23,(anonymous_17)
FN:23,(anonymous_18)
FN:25,(anonymous_19)
FN:32,(anonymous_20)
FN:32,(anonymous_21)
FN:40,(anonymous_23)
FN:56,(anonymous_24)
FN:60,(anonymous_25)
FN:81,(anonymous_26)
FN:81,(anonymous_27)
FN:96,(anonymous_29)
FN:96,(anonymous_30)
FN:111,(anonymous_32)
FN:128,(anonymous_35)
FN:128,(anonymous_36)
FN:141,(anonymous_38)
FN:141,(anonymous_39)
FNF:19
FNH:5
FNDA:1,transform
FNDA:3,(anonymous_16)
FNDA:8,(anonymous_17)
FNDA:6,(anonymous_18)
FNDA:0,(anonymous_19)
FNDA:0,(anonymous_20)
FNDA:0,(anonymous_21)
FNDA:0,(anonymous_23)
FNDA:0,(anonymous_24)
FNDA:3,(anonymous_25)
FNDA:0,(anonymous_26)
FNDA:0,(anonymous_27)
FNDA:0,(anonymous_29)
FNDA:0,(anonymous_30)
FNDA:0,(anonymous_32)
FNDA:0,(anonymous_35)
FNDA:0,(anonymous_36)
FNDA:0,(anonymous_38)
FNDA:0,(anonymous_39)
DA:1,1
DA:2,1
DA:3,1
DA:6,1
DA:8,1
DA:10,1
DA:16,2
DA:17,1
DA:19,1
DA:21,1
DA:22,3
DA:23,8
DA:25,3
DA:26,0
DA:32,0
DA:33,0
DA:34,0
DA:36,0
DA:38,0
DA:39,0
DA:40,0
DA:41,0
DA:44,0
DA:48,0
DA:56,1
DA:57,0
DA:60,1
DA:62,3
DA:66,3
DA:67,3
DA:68,3
DA:70,3
DA:71,3
DA:73,3
DA:75,3
DA:81,0
DA:82,0
DA:83,0
DA:84,0
DA:86,0
DA:96,0
DA:97,0
DA:99,0
DA:100,0
DA:102,0
DA:111,0
DA:113,0
DA:114,0
DA:116,0
DA:122,3
DA:128,0
DA:129,0
DA:130,0
DA:132,0
DA:141,0
DA:143,0
DA:144,0
DA:145,0
DA:147,0
DA:163,1
LF:60
LH:25
BRDA:23,0,0,6
BRDA:23,0,1,4
BRDA:48,1,0,0
BRDA:34,2,0,0
BRDA:34,2,1,0
BRDA:38,3,0,0
BRDA:38,3,1,0
BRDA:41,4,0,0
BRDA:41,4,1,0
BRDA:48,5,0,0
BRDA:48,5,1,0
BRDA:48,6,0,0
BRDA:48,6,1,0
BRDA:48,7,0,0
BRDA:48,7,1,0
BRDA:48,8,0,0
BRDA:48,8,1,0
BRDA:48,9,0,0
BRDA:48,9,1,0
BRDA:48,10,0,0
BRDA:48,10,1,0
BRDA:48,11,0,0
BRDA:48,11,1,0
BRDA:84,12,0,0
BRDA:84,12,1,0
BRDA:83,13,0,0
BRDA:83,13,1,0
BRDA:84,14,0,0
BRDA:84,14,1,0
BRDA:84,15,0,0
BRDA:84,15,1,0
BRDA:100,16,0,0
BRDA:100,16,1,0
BRDA:99,17,0,0
BRDA:99,17,1,0
BRDA:100,18,0,0
BRDA:100,18,1,0
BRDA:100,19,0,0
BRDA:100,19,1,0
BRDA:114,20,0,0
BRDA:114,20,1,0
BRDA:113,21,0,0
BRDA:113,21,1,0
BRDA:114,22,0,0
BRDA:114,22,1,0
BRDA:114,23,0,0
BRDA:114,23,1,0
BRDA:130,24,0,0
BRDA:130,24,1,0
BRDA:129,25,0,0
BRDA:129,25,1,0
BRDA:130,26,0,0
BRDA:130,26,1,0
BRDA:130,27,0,0
BRDA:130,27,1,0
BRDA:147,28,0,0
BRDA:143,29,0,0
BRDA:143,29,1,0
BRDA:144,30,0,0
BRDA:144,30,1,0
BRDA:144,31,0,0
BRDA:144,31,1,0
BRF:62
BRH:2
end_of_record
TN:
SF:lib/directives/generate.ts
FN:4,(anonymous_0)
FNF:1
FNH:1
FNDA:3,(anonymous_0)
DA:1,1
DA:2,1
DA:4,1
DA:5,3
LF:4
LH:4
BRF:0
BRH:0
end_of_record
TN:
SF:lib/directives/index.ts
FNF:0
FNH:0
DA:1,1
DA:2,1
DA:3,1
DA:4,1
DA:5,1
DA:7,1
DA:15,1
LF:7
LH:7
BRF:0
BRH:0
end_of_record
TN:
SF:lib/directives/input.ts
FN:28,transform
FN:35,(anonymous_3)
FN:49,(anonymous_4)
FN:49,(anonymous_5)
FN:52,(anonymous_6)
FN:52,(anonymous_7)
FN:56,(anonymous_8)
FN:60,(anonymous_9)
FN:68,(anonymous_10)
FN:69,(anonymous_11)
FN:71,(anonymous_12)
FN:79,(anonymous_13)
FNF:12
FNH:11
FNDA:1,transform
FNDA:3,(anonymous_3)
FNDA:8,(anonymous_4)
FNDA:6,(anonymous_5)
FNDA:8,(anonymous_6)
FNDA:6,(anonymous_7)
FNDA:2,(anonymous_8)
FNDA:2,(anonymous_9)
FNDA:4,(anonymous_10)
FNDA:4,(anonymous_11)
FNDA:0,(anonymous_12)
FNDA:4,(anonymous_13)
DA:1,1
DA:2,1
DA:4,1
DA:6,1
DA:8,1
DA:10,1
DA:28,1
DA:30,1
DA:33,1
DA:35,1
DA:36,3
DA:38,3
DA:39,3
DA:41,3
DA:42,8
DA:43,8
DA:44,8
DA:49,8
DA:52,8
DA:54,3
DA:56,3
DA:57,2
DA:60,2
DA:68,3
DA:69,4
DA:70,4
DA:71,4
DA:72,0
DA:74,4
DA:79,4
DA:80,4
DA:83,3
DA:94,1
LF:33
LH:32
BRDA:62,0,0,2
BRDA:62,0,1,2
BRDA:71,1,0,4
BRDA:71,1,1,4
BRF:4
BRH:4
end_of_record
TN:
SF:lib/directives/upload.ts
FN:19,(anonymous_13)
FN:26,(anonymous_14)
FN:36,(anonymous_15)
FN:36,(anonymous_16)
FN:49,(anonymous_18)
FN:49,(anonymous_19)
FN:84,(anonymous_21)
FN:84,(anonymous_22)
FNF:8
FNH:1
FNDA:1,(anonymous_13)
FNDA:0,(anonymous_14)
FNDA:0,(anonymous_15)
FNDA:0,(anonymous_16)
FNDA:0,(anonymous_18)
FNDA:0,(anonymous_19)
FNDA:0,(anonymous_21)
FNDA:0,(anonymous_22)
DA:1,1
DA:2,1
DA:3,1
DA:5,1
DA:8,1
DA:11,1
DA:13,1
DA:19,1
DA:20,1
DA:22,1
DA:24,1
DA:26,1
DA:28,0
DA:29,0
DA:30,0
DA:33,0
DA:36,0
DA:37,0
DA:42,0
DA:49,0
DA:84,0
DA:86,0
DA:94,1
LF:23
LH:13
BRDA:37,0,0,0
BRDA:37,0,1,0
BRDA:37,1,0,0
BRDA:37,1,1,0
BRDA:37,2,0,0
BRDA:37,2,1,0
BRDA:86,3,0,0
BRDA:86,4,0,0
BRDA:86,4,1,0
BRDA:86,5,0,0
BRDA:86,5,1,0
BRF:11
BRH:0
end_of_record
TN:
SF:lib/generators/index.ts
FN:29,(anonymous_13)
FN:31,(anonymous_14)
FN:39,(anonymous_17)
FN:39,(anonymous_18)
FN:49,(anonymous_19)
FN:49,(anonymous_20)
FN:73,(anonymous_21)
FN:88,(anonymous_22)
FNF:8
FNH:3
FNDA:6,(anonymous_13)
FNDA:0,(anonymous_14)
FNDA:0,(anonymous_17)
FNDA:0,(anonymous_18)
FNDA:0,(anonymous_19)
FNDA:0,(anonymous_20)
FNDA:3,(anonymous_21)
FNDA:3,(anonymous_22)
DA:8,1
DA:9,1
DA:12,1
DA:13,1
DA:14,1
DA:15,1
DA:29,1
DA:31,6
DA:32,0
DA:35,0
DA:37,0
DA:39,0
DA:41,0
DA:42,0
DA:44,0
DA:45,0
DA:48,0
DA:49,0
DA:50,0
DA:52,0
DA:54,0
DA:55,0
DA:58,0
DA:60,0
DA:64,1
DA:65,1
DA:67,1
DA:73,1
DA:74,3
DA:75,3
DA:78,3
DA:79,0
DA:84,1
DA:85,1
DA:88,3
LF:35
LH:18
BRDA:31,0,0,0
BRDA:31,0,1,0
BRDA:60,1,0,0
BRDA:37,2,0,0
BRDA:37,2,1,0
BRDA:50,3,0,0
BRDA:50,3,1,0
BRDA:52,4,0,0
BRDA:52,4,1,0
BRDA:74,5,0,3
BRDA:74,5,1,0
BRDA:78,6,0,0
BRDA:78,6,1,3
BRF:13
BRH:2
end_of_record
TN:
SF:lib/generators/moniker.ts
FN:7,(anonymous_0)
FNF:1
FNH:0
FNDA:0,(anonymous_0)
DA:2,1
DA:4,1
DA:8,0
DA:9,0
LF:4
LH:2
BRDA:8,0,0,0
BRDA:8,0,1,0
BRF:2
BRH:0
end_of_record
TN:
SF:lib/generators/timestamp.ts
FN:6,(anonymous_0)
FNF:1
FNH:0
FNDA:0,(anonymous_0)
DA:3,1
DA:7,0
DA:8,0
LF:3
LH:1
BRDA:7,0,0,0
BRDA:7,0,1,0
BRF:2
BRH:0
end_of_record
TN:
SF:lib/generators/uuid.ts
FN:7,(anonymous_0)
FNF:1
FNH:0
FNDA:0,(anonymous_0)
DA:1,1
DA:4,1
DA:8,0
DA:9,0
DA:10,0
LF:5
LH:2
BRDA:9,0,0,0
BRDA:9,0,1,0
BRF:2
BRH:0
end_of_record
TN:
SF:lib/interfaces/GraphConnector.ts
FN:21,(anonymous_6)
FN:25,BaseGraph
FN:29,(anonymous_8)
FN:36,(anonymous_9)
FN:42,BaseConnector
FN:46,(anonymous_11)
FN:48,(anonymous_12)
FN:55,(anonymous_13)
FN:58,(anonymous_14)
FN:61,(anonymous_15)
FN:64,(anonymous_16)
FN:67,(anonymous_17)
FNF:12
FNH:3
FNDA:1,(anonymous_6)
FNDA:1,BaseGraph
FNDA:0,(anonymous_8)
FNDA:1,(anonymous_9)
FNDA:0,BaseConnector
FNDA:0,(anonymous_11)
FNDA:0,(anonymous_12)
FNDA:0,(anonymous_13)
FNDA:0,(anonymous_14)
FNDA:0,(anonymous_15)
FNDA:0,(anonymous_16)
FNDA:0,(anonymous_17)
DA:1,1
DA:3,1
DA:21,1
DA:26,1
DA:29,1
DA:30,0
DA:33,1
DA:36,1
DA:40,0
DA:43,0
DA:46,1
DA:47,0
DA:48,0
DA:49,0
DA:50,0
DA:55,1
DA:56,0
DA:58,1
DA:59,0
DA:61,1
DA:62,0
DA:64,1
DA:65,0
DA:67,1
DA:68,0
DA:71,1
LF:26
LH:14
BRDA:26,0,0,1
BRDA:26,0,1,1
BRDA:43,1,0,0
BRDA:43,1,1,0
BRDA:61,2,0,0
BRDA:61,2,1,0
BRF:6
BRH:2
end_of_record
TN:
SF:lib/registry/type.ts
FN:8,(anonymous_9)
FN:15,TypeRegistry
FN:28,(anonymous_11)
FN:29,(anonymous_12)
FN:34,(anonymous_13)
FN:48,(anonymous_14)
FN:49,(anonymous_15)
FN:51,(anonymous_16)
FN:62,(anonymous_17)
FN:68,(anonymous_18)
FN:74,(anonymous_19)
FN:80,(anonymous_20)
FN:93,(anonymous_21)
FN:103,(anonymous_22)
FN:113,(anonymous_23)
FN:115,(anonymous_24)
FN:123,(anonymous_25)
FN:125,(anonymous_26)
FN:132,(anonymous_27)
FN:135,(anonymous_28)
FN:144,(anonymous_29)
FN:147,(anonymous_30)
FN:147,(anonymous_31)
FN:160,(anonymous_32)
FN:161,(anonymous_33)
FN:168,(anonymous_34)
FN:172,(anonymous_35)
FN:185,(anonymous_36)
FN:192,(anonymous_37)
FN:197,(anonymous_38)
FN:206,(anonymous_39)
FN:222,(anonymous_40)
FN:232,(anonymous_41)
FN:233,(anonymous_42)
FN:235,(anonymous_43)
FN:246,(anonymous_44)
FN:253,(anonymous_45)
FN:266,(anonymous_46)
FN:268,(anonymous_47)
FN:282,(anonymous_48)
FN:289,Type
FN:292,(anonymous_50)
FN:295,(anonymous_51)
FN:299,(anonymous_52)
FN:303,(anonymous_53)
FN:311,(anonymous_54)
FN:312,(anonymous_55)
FN:331,(anonymous_56)
FNF:48
FNH:16
FNDA:1,(anonymous_9)
FNDA:1,TypeRegistry
FNDA:1,(anonymous_11)
FNDA:2,(anonymous_12)
FNDA:1,(anonymous_13)
FNDA:0,(anonymous_14)
FNDA:0,(anonymous_15)
FNDA:0,(anonymous_16)
FNDA:0,(anonymous_17)
FNDA:0,(anonymous_18)
FNDA:0,(anonymous_19)
FNDA:0,(anonymous_20)
FNDA:0,(anonymous_21)
FNDA:0,(anonymous_22)
FNDA:0,(anonymous_23)
FNDA:0,(anonymous_24)
FNDA:0,(anonymous_25)
FNDA:0,(anonymous_26)
FNDA:0,(anonymous_27)
FNDA:0,(anonymous_28)
FNDA:0,(anonymous_29)
FNDA:0,(anonymous_30)
FNDA:0,(anonymous_31)
FNDA:0,(anonymous_32)
FNDA:0,(anonymous_33)
FNDA:2,(anonymous_34)
FNDA:0,(anonymous_35)
FNDA:0,(anonymous_36)
FNDA:0,(anonymous_37)
FNDA:0,(anonymous_38)
FNDA:0,(anonymous_39)
FNDA:0,(anonymous_40)
FNDA:0,(anonymous_41)
FNDA:0,(anonymous_42)
FNDA:0,(anonymous_43)
FNDA:2,(anonymous_44)
FNDA:1,(anonymous_45)
FNDA:0,(anonymous_46)
FNDA:0,(anonymous_47)
FNDA:1,(anonymous_48)
FNDA:8,Type
FNDA:8,(anonymous_50)
FNDA:9,(anonymous_51)
FNDA:0,(anonymous_52)
FNDA:3,(anonymous_53)
FNDA:8,(anonymous_54)
FNDA:6,(anonymous_55)
FNDA:11,(anonymous_56)
DA:1,1
DA:2,1
DA:3,1
DA:4,1
DA:6,1
DA:8,1
DA:13,1
DA:16,1
DA:17,1
DA:18,1
DA:19,1
DA:21,1
DA:23,1
DA:28,1
DA:29,1
DA:30,2
DA:34,1
DA:35,1
DA:42,1
DA:48,0
DA:49,0
DA:51,0
DA:63,0
DA:69,0
DA:75,0
DA:81,0
DA:86,1
DA:94,0
DA:104,0
DA:105,0
DA:110,1
DA:113,1
DA:114,0
DA:115,0
DA:116,0
DA:117,0
DA:120,0
DA:123,1
DA:124,0
DA:125,0
DA:126,0
DA:127,0
DA:130,0
DA:132,1
DA:133,0
DA:134,0
DA:135,0
DA:136,0
DA:137,0
DA:138,0
DA:144,1
DA:145,0
DA:146,0
DA:147,0
DA:148,0
DA:149,0
DA:151,0
DA:154,0
DA:157,0
DA:160,1
DA:161,0
DA:162,0
DA:163,0
DA:165,0
DA:168,1
DA:169,2
DA:172,1
DA:174,0
DA:180,0
DA:182,0
DA:185,1
DA:186,0
DA:187,0
DA:188,0
DA:190,0
DA:192,0
DA:195,0
DA:197,0
DA:200,0
DA:201,0
DA:202,0
DA:203,0
DA:206,1
DA:207,0
DA:209,0
DA:216,0
DA:228,0
DA:229,0
DA:232,1
DA:233,0
DA:234,0
DA:236,0
DA:239,0
DA:241,0
DA:243,0
DA:246,1
DA:248,2
DA:249,2
DA:253,1
DA:254,1
DA:256,1
DA:258,1
DA:262,1
DA:266,1
DA:267,0
DA:268,0
DA:269,0
DA:270,0
DA:273,0
DA:275,1
DA:277,1
DA:278,1
DA:282,1
DA:290,8
DA:291,8
DA:292,8
DA:295,1
DA:296,9
DA:299,1
DA:300,0
DA:303,3
DA:304,3
DA:306,3
DA:307,0
DA:308,3
DA:309,3
DA:311,3
DA:312,8
DA:316,8
DA:331,1
DA:332,11
DA:333,11
DA:334,11
DA:335,11
DA:336,32
DA:342,11
DA:345,1
LF:137
LH:67
BRDA:16,0,0,1
BRDA:16,0,1,1
BRDA:116,1,0,0
BRDA:116,1,1,0
BRDA:116,2,0,0
BRDA:116,2,1,0
BRDA:126,3,0,0
BRDA:126,3,1,0
BRDA:126,4,0,0
BRDA:126,4,1,0
BRDA:136,5,0,0
BRDA:136,5,1,0
BRDA:137,6,0,0
BRDA:137,6,1,0
BRDA:147,7,0,0
BRDA:147,7,1,0
BRDA:256,8,0,1
BRDA:256,8,1,0
BRDA:269,9,0,0
BRDA:269,9,1,0
BRDA:306,10,0,0
BRDA:306,10,1,3
BRDA:308,11,0,3
BRDA:308,11,1,0
BRDA:339,12,0,0
BRDA:339,12,1,32
BRDA:339,13,0,32
BRDA:339,13,1,32
BRF:28
BRH:8
end_of_record
TN:
SF:lib/scalars/description.ts
FN:6,(anonymous_0)
FN:9,(anonymous_1)
FN:12,(anonymous_2)
FNF:3
FNH:0
FNDA:0,(anonymous_0)
FNDA:0,(anonymous_1)
FNDA:0,(anonymous_2)
DA:1,1
DA:3,1
DA:7,0
DA:10,0
DA:13,0
DA:14,0
DA:16,0
LF:7
LH:2
BRDA:13,0,0,0
BRDA:13,0,1,0
BRF:2
BRH:0
end_of_record
TN:
SF:lib/scalars/hash.ts
FN:9,(anonymous_1)
FN:16,(anonymous_2)
FN:19,(anonymous_3)
FNF:3
FNH:2
FNDA:1,(anonymous_1)
FNDA:1,(anonymous_2)
FNDA:0,(anonymous_3)
DA:1,1
DA:2,1
DA:4,1
DA:6,1
DA:10,1
DA:11,1
DA:13,0
DA:17,1
DA:20,0
DA:21,0
DA:22,0
DA:24,0
DA:27,0
LF:13
LH:7
BRDA:10,0,0,1
BRDA:10,0,1,0
BRDA:20,1,0,0
BRDA:20,1,1,0
BRDA:21,2,0,0
BRDA:21,2,1,0
BRF:6
BRH:1
end_of_record
TN:
SF:lib/scalars/index.ts
FNF:0
FNH:0
DA:1,1
DA:2,1
DA:5,1
LF:3
LH:3
BRF:0
BRH:0
end_of_record
TN:
SF:lib/utils/index.ts
FN:6,objectValues
FN:7,(anonymous_2)
FN:10,getTypesWithDirective
FN:12,(anonymous_4)
FN:16,(anonymous_5)
FN:24,getTypesWithFieldDirective
FN:26,(anonymous_7)
FN:43,(anonymous_8)
FN:64,(anonymous_9)
FN:65,(anonymous_10)
FN:73,(anonymous_11)
FNF:11
FNH:9
FNDA:3,objectValues
FNDA:8,(anonymous_2)
FNDA:2,getTypesWithDirective
FNDA:120,(anonymous_4)
FNDA:6,(anonymous_5)
FNDA:1,getTypesWithFieldDirective
FNDA:36,(anonymous_7)
FNDA:4,(anonymous_8)
FNDA:0,(anonymous_9)
FNDA:0,(anonymous_10)
FNDA:4,(anonymous_11)
DA:3,1
DA:4,1
DA:6,1
DA:7,8
DA:10,1
DA:11,2
DA:12,2
DA:13,120
DA:14,14
DA:15,0
DA:16,14
DA:17,3
DA:21,2
DA:24,1
DA:25,1
DA:26,1
DA:27,36
DA:28,7
DA:29,7
DA:30,19
DA:31,3
DA:32,3
DA:38,1
DA:41,1
DA:43,1
DA:44,4
DA:46,1
DA:48,0
DA:50,0
DA:52,0
DA:54,3
DA:56,0
DA:58,0
DA:60,0
DA:62,0
DA:64,0
DA:65,0
DA:66,0
DA:68,0
DA:73,4
DA:74,4
DA:76,4
DA:80,4
DA:81,4
DA:82,4
DA:83,4
DA:85,0
DA:86,0
DA:88,0
DA:93,0
DA:95,0
DA:96,0
DA:98,0
DA:99,0
DA:101,0
DA:107,4
LF:56
LH:35
BRDA:13,0,0,14
BRDA:13,0,1,106
BRDA:13,1,0,120
BRDA:13,1,1,32
BRDA:14,2,0,0
BRDA:14,2,1,14
BRDA:14,3,0,14
BRDA:14,3,1,14
BRDA:16,4,0,3
BRDA:16,4,1,11
BRDA:27,5,0,7
BRDA:27,5,1,29
BRDA:27,6,0,36
BRDA:27,6,1,12
BRDA:30,7,0,3
BRDA:30,7,1,16
BRDA:45,8,0,1
BRDA:45,8,1,0
BRDA:45,8,2,0
BRDA:45,8,3,0
BRDA:45,8,4,3
BRDA:45,8,5,0
BRDA:45,8,6,0
BRDA:45,8,7,0
BRDA:45,8,8,0
BRDA:45,8,9,0
BRDA:65,9,0,0
BRDA:65,9,1,0
BRDA:73,10,0,0
BRDA:73,10,1,4
BRDA:81,11,0,4
BRDA:81,11,1,0
BRDA:82,12,0,4
BRDA:82,12,1,0
BRDA:85,13,0,0
BRDA:85,13,1,0
BRDA:95,14,0,0
BRDA:95,14,1,0
BRDA:98,15,0,0
BRDA:98,15,1,0
BRF:40
BRH:20
end_of_record
